#
# There is insufficient memory for the Java Runtime Environment to continue.
# Native memory allocation (malloc) failed to allocate 254096 bytes. Error detail: Chunk::new
# Possible reasons:
#   The system is out of physical RAM or swap space
#   This process is running with CompressedOops enabled, and the Java Heap may be blocking the growth of the native heap
# Possible solutions:
#   Reduce memory load on the system
#   Increase physical memory or swap space
#   Check if swap backing store is full
#   Decrease Java heap size (-Xmx/-Xms)
#   Decrease number of Java threads
#   Decrease Java thread stack sizes (-Xss)
#   Set larger code cache with -XX:ReservedCodeCacheSize=
#   JVM is running with Unscaled Compressed Oops mode in which the Java heap is
#     placed in the first 4GB address space. The Java Heap base address is the
#     maximum limit for the native heap growth. Please use -XX:HeapBaseMinAddress
#     to set the Java Heap base and to place the Java Heap above 4GB virtual address.
# This output file may be truncated or incomplete.
#
#  Out of Memory Error (arena.cpp:191), pid=10880, tid=13564
#
# JRE version: OpenJDK Runtime Environment JBR-17.0.12+1-1207.37-nomod (17.0.12+1) (build 17.0.12+1-b1207.37)
# Java VM: OpenJDK 64-Bit Server VM JBR-17.0.12+1-1207.37-nomod (17.0.12+1-b1207.37, mixed mode, sharing, tiered, compressed oops, compressed class ptrs, g1 gc, windows-amd64)
# No core dump will be written. Minidumps are not enabled by default on client versions of Windows
#

---------------  S U M M A R Y ------------

Command Line: -Dmaven.multiModuleProjectDirectory=D:\mmm\mmm\2024-2025 4SAE1\App web dist\MiniProjet\Partnership Management -Djansi.passthrough=true -Dmaven.home=C:\Users\hp\.m2\wrapper\dists\apache-maven-3.9.9-bin\4nf9hui3q3djbarqar9g711ggc\apache-maven-3.9.9 -Dclassworlds.conf=C:\Users\hp\.m2\wrapper\dists\apache-maven-3.9.9-bin\4nf9hui3q3djbarqar9g711ggc\apache-maven-3.9.9\bin\m2.conf -Dmaven.ext.class.path=C:\Program Files\JetBrains\IntelliJ IDEA 2024.3.1.1\plugins\maven\lib\maven-event-listener.jar -javaagent:C:\Program Files\JetBrains\IntelliJ IDEA 2024.3.1.1\lib\idea_rt.jar=55716:C:\Program Files\JetBrains\IntelliJ IDEA 2024.3.1.1\bin -Dfile.encoding=UTF-8 org.codehaus.classworlds.Launcher -Didea.version=2024.3.1.1 -DskipTests=true clean

Host: Intel(R) Core(TM) i7-7500U CPU @ 2.70GHz, 4 cores, 7G,  Windows 10 , 64 bit Build 19041 (10.0.19041.5438)
Time: Tue Feb 25 21:28:26 2025 Romance Standard Time elapsed time: 1.084018 seconds (0d 0h 0m 1s)

---------------  T H R E A D  ---------------

Current thread (0x0000022a7cca0e50):  JavaThread "C2 CompilerThread1" daemon [_thread_in_native, id=13564, stack(0x000000f534600000,0x000000f534700000)]


Current CompileTask:
C2:   1084 1053   !   4       sun.nio.cs.StreamDecoder::read (196 bytes)

Stack: [0x000000f534600000,0x000000f534700000]
Native frames: (J=compiled Java code, j=interpreted, Vv=VM code, C=native code)
V  [jvm.dll+0x689d89]


---------------  P R O C E S S  ---------------

Threads class SMR info:
_java_thread_list=0x0000022a7cd48ad0, length=14, elements={
0x0000022a62deaeb0, 0x0000022a7c5c3c40, 0x0000022a7c5c5170, 0x0000022a7c5ddb40,
0x0000022a7c5de610, 0x0000022a7c5e1690, 0x0000022a7c5e1f60, 0x0000022a7c5e7c70,
0x0000022a7c60ce70, 0x0000022a7c60f790, 0x0000022a7c5b0250, 0x0000022a7c97cba0,
0x0000022a7c9e51c0, 0x0000022a7cca0e50
}

Java Threads: ( => current thread )
  0x0000022a62deaeb0 JavaThread "main" [_thread_in_vm, id=12364, stack(0x000000f533200000,0x000000f533300000)]
  0x0000022a7c5c3c40 JavaThread "Reference Handler" daemon [_thread_blocked, id=9924, stack(0x000000f533900000,0x000000f533a00000)]
  0x0000022a7c5c5170 JavaThread "Finalizer" daemon [_thread_blocked, id=368, stack(0x000000f533a00000,0x000000f533b00000)]
  0x0000022a7c5ddb40 JavaThread "Signal Dispatcher" daemon [_thread_blocked, id=2308, stack(0x000000f533b00000,0x000000f533c00000)]
  0x0000022a7c5de610 JavaThread "Attach Listener" daemon [_thread_blocked, id=12700, stack(0x000000f533c00000,0x000000f533d00000)]
  0x0000022a7c5e1690 JavaThread "Service Thread" daemon [_thread_blocked, id=6360, stack(0x000000f533d00000,0x000000f533e00000)]
  0x0000022a7c5e1f60 JavaThread "Monitor Deflation Thread" daemon [_thread_blocked, id=5524, stack(0x000000f533e00000,0x000000f533f00000)]
  0x0000022a7c5e7c70 JavaThread "C2 CompilerThread0" daemon [_thread_in_native, id=14160, stack(0x000000f533f00000,0x000000f534000000)]
  0x0000022a7c60ce70 JavaThread "C1 CompilerThread0" daemon [_thread_blocked, id=12784, stack(0x000000f534000000,0x000000f534100000)]
  0x0000022a7c60f790 JavaThread "Sweeper thread" daemon [_thread_blocked, id=4748, stack(0x000000f534100000,0x000000f534200000)]
  0x0000022a7c5b0250 JavaThread "Common-Cleaner" daemon [_thread_blocked, id=9156, stack(0x000000f534200000,0x000000f534300000)]
  0x0000022a7c97cba0 JavaThread "Monitor Ctrl-Break" daemon [_thread_in_native, id=11356, stack(0x000000f534300000,0x000000f534400000)]
  0x0000022a7c9e51c0 JavaThread "Notification Thread" daemon [_thread_blocked, id=10396, stack(0x000000f534400000,0x000000f534500000)]
=>0x0000022a7cca0e50 JavaThread "C2 CompilerThread1" daemon [_thread_in_native, id=13564, stack(0x000000f534600000,0x000000f534700000)]

Other Threads:
  0x0000022a7c5be980 VMThread "VM Thread" [stack: 0x000000f533800000,0x000000f533900000] [id=1372]
  0x0000022a7c97d9c0 WatcherThread [stack: 0x000000f534500000,0x000000f534600000] [id=9720]
  0x0000022a62e4cb70 GCTaskThread "GC Thread#0" [stack: 0x000000f533300000,0x000000f533400000] [id=14892]
  0x0000022a7cfe7c70 GCTaskThread "GC Thread#1" [stack: 0x000000f534700000,0x000000f534800000] [id=3356]
  0x0000022a7d1433c0 GCTaskThread "GC Thread#2" [stack: 0x000000f534800000,0x000000f534900000] [id=4848]
  0x0000022a7d3f09c0 GCTaskThread "GC Thread#3" [stack: 0x000000f534900000,0x000000f534a00000] [id=7296]
  0x0000022a62e5e760 ConcurrentGCThread "G1 Main Marker" [stack: 0x000000f533400000,0x000000f533500000] [id=14704]
  0x0000022a62e60840 ConcurrentGCThread "G1 Conc#0" [stack: 0x000000f533500000,0x000000f533600000] [id=13676]
  0x0000022a7c4820b0 ConcurrentGCThread "G1 Refine#0" [stack: 0x000000f533600000,0x000000f533700000] [id=8132]
  0x0000022a7d3d05b0 ConcurrentGCThread "G1 Refine#1" [stack: 0x000000f534a00000,0x000000f534b00000] [id=12316]
  0x0000022a7c4829f0 ConcurrentGCThread "G1 Service" [stack: 0x000000f533700000,0x000000f533800000] [id=14940]

Threads with active compile tasks:
C2 CompilerThread0     1092 1056       4       org.codehaus.plexus.util.xml.XmlReader::read (11 bytes)
C2 CompilerThread1     1092 1053   !   4       sun.nio.cs.StreamDecoder::read (196 bytes)

VM state: not at safepoint (normal execution)

VM Mutex/Monitor currently owned by a thread: None

Heap address: 0x0000000081400000, size: 2028 MB, Compressed Oops mode: 32-bit

CDS archive(s) mapped at: [0x0000022a00000000-0x0000022a00c00000-0x0000022a00c00000), size 12582912, SharedBaseAddress: 0x0000022a00000000, ArchiveRelocationMode: 1.
Compressed class space mapped at: 0x0000022a01000000-0x0000022a41000000, reserved size: 1073741824
Narrow klass base: 0x0000022a00000000, Narrow klass shift: 0, Narrow klass range: 0x100000000

GC Precious Log:
 CPUs: 4 total, 4 available
 Memory: 8107M
 Large Page Support: Disabled
 NUMA Support: Disabled
 Compressed Oops: Enabled (32-bit)
 Heap Region Size: 1M
 Heap Min Capacity: 8M
 Heap Initial Capacity: 128M
 Heap Max Capacity: 2028M
 Pre-touch: Disabled
 Parallel Workers: 4
 Concurrent Workers: 1
 Concurrent Refinement Workers: 4
 Periodic GC: Disabled

Heap:
 garbage-first heap   total 131072K, used 10389K [0x0000000081400000, 0x0000000100000000)
  region size 1024K, 10 young (10240K), 2 survivors (2048K)
 Metaspace       used 5954K, committed 6144K, reserved 1114112K
  class space    used 725K, committed 832K, reserved 1048576K

Heap Regions: E=young(eden), S=young(survivor), O=old, HS=humongous(starts), HC=humongous(continues), CS=collection set, F=free, OA=open archive, CA=closed archive, TAMS=top-at-mark-start (previous, next)
|   0|0x0000000081400000, 0x0000000081500000, 0x0000000081500000|100%| O|  |TAMS 0x0000000081400000, 0x0000000081400000| Untracked 
|   1|0x0000000081500000, 0x0000000081525600, 0x0000000081600000| 14%| O|  |TAMS 0x0000000081500000, 0x0000000081500000| Untracked 
|   2|0x0000000081600000, 0x0000000081600000, 0x0000000081700000|  0%| F|  |TAMS 0x0000000081600000, 0x0000000081600000| Untracked 
|   3|0x0000000081700000, 0x0000000081700000, 0x0000000081800000|  0%| F|  |TAMS 0x0000000081700000, 0x0000000081700000| Untracked 
|   4|0x0000000081800000, 0x0000000081800000, 0x0000000081900000|  0%| F|  |TAMS 0x0000000081800000, 0x0000000081800000| Untracked 
|   5|0x0000000081900000, 0x0000000081900000, 0x0000000081a00000|  0%| F|  |TAMS 0x0000000081900000, 0x0000000081900000| Untracked 
|   6|0x0000000081a00000, 0x0000000081a00000, 0x0000000081b00000|  0%| F|  |TAMS 0x0000000081a00000, 0x0000000081a00000| Untracked 
|   7|0x0000000081b00000, 0x0000000081b00000, 0x0000000081c00000|  0%| F|  |TAMS 0x0000000081b00000, 0x0000000081b00000| Untracked 
|   8|0x0000000081c00000, 0x0000000081c00000, 0x0000000081d00000|  0%| F|  |TAMS 0x0000000081c00000, 0x0000000081c00000| Untracked 
|   9|0x0000000081d00000, 0x0000000081d00000, 0x0000000081e00000|  0%| F|  |TAMS 0x0000000081d00000, 0x0000000081d00000| Untracked 
|  10|0x0000000081e00000, 0x0000000081e00000, 0x0000000081f00000|  0%| F|  |TAMS 0x0000000081e00000, 0x0000000081e00000| Untracked 
|  11|0x0000000081f00000, 0x0000000081f00000, 0x0000000082000000|  0%| F|  |TAMS 0x0000000081f00000, 0x0000000081f00000| Untracked 
|  12|0x0000000082000000, 0x0000000082000000, 0x0000000082100000|  0%| F|  |TAMS 0x0000000082000000, 0x0000000082000000| Untracked 
|  13|0x0000000082100000, 0x0000000082100000, 0x0000000082200000|  0%| F|  |TAMS 0x0000000082100000, 0x0000000082100000| Untracked 
|  14|0x0000000082200000, 0x0000000082200000, 0x0000000082300000|  0%| F|  |TAMS 0x0000000082200000, 0x0000000082200000| Untracked 
|  15|0x0000000082300000, 0x0000000082300000, 0x0000000082400000|  0%| F|  |TAMS 0x0000000082300000, 0x0000000082300000| Untracked 
|  16|0x0000000082400000, 0x0000000082400000, 0x0000000082500000|  0%| F|  |TAMS 0x0000000082400000, 0x0000000082400000| Untracked 
|  17|0x0000000082500000, 0x0000000082500000, 0x0000000082600000|  0%| F|  |TAMS 0x0000000082500000, 0x0000000082500000| Untracked 
|  18|0x0000000082600000, 0x0000000082600000, 0x0000000082700000|  0%| F|  |TAMS 0x0000000082600000, 0x0000000082600000| Untracked 
|  19|0x0000000082700000, 0x0000000082700000, 0x0000000082800000|  0%| F|  |TAMS 0x0000000082700000, 0x0000000082700000| Untracked 
|  20|0x0000000082800000, 0x0000000082800000, 0x0000000082900000|  0%| F|  |TAMS 0x0000000082800000, 0x0000000082800000| Untracked 
|  21|0x0000000082900000, 0x0000000082900000, 0x0000000082a00000|  0%| F|  |TAMS 0x0000000082900000, 0x0000000082900000| Untracked 
|  22|0x0000000082a00000, 0x0000000082a00000, 0x0000000082b00000|  0%| F|  |TAMS 0x0000000082a00000, 0x0000000082a00000| Untracked 
|  23|0x0000000082b00000, 0x0000000082b00000, 0x0000000082c00000|  0%| F|  |TAMS 0x0000000082b00000, 0x0000000082b00000| Untracked 
|  24|0x0000000082c00000, 0x0000000082c00000, 0x0000000082d00000|  0%| F|  |TAMS 0x0000000082c00000, 0x0000000082c00000| Untracked 
|  25|0x0000000082d00000, 0x0000000082d00000, 0x0000000082e00000|  0%| F|  |TAMS 0x0000000082d00000, 0x0000000082d00000| Untracked 
|  26|0x0000000082e00000, 0x0000000082e00000, 0x0000000082f00000|  0%| F|  |TAMS 0x0000000082e00000, 0x0000000082e00000| Untracked 
|  27|0x0000000082f00000, 0x0000000082f00000, 0x0000000083000000|  0%| F|  |TAMS 0x0000000082f00000, 0x0000000082f00000| Untracked 
|  28|0x0000000083000000, 0x0000000083000000, 0x0000000083100000|  0%| F|  |TAMS 0x0000000083000000, 0x0000000083000000| Untracked 
|  29|0x0000000083100000, 0x0000000083100000, 0x0000000083200000|  0%| F|  |TAMS 0x0000000083100000, 0x0000000083100000| Untracked 
|  30|0x0000000083200000, 0x0000000083200000, 0x0000000083300000|  0%| F|  |TAMS 0x0000000083200000, 0x0000000083200000| Untracked 
|  31|0x0000000083300000, 0x0000000083300000, 0x0000000083400000|  0%| F|  |TAMS 0x0000000083300000, 0x0000000083300000| Untracked 
|  32|0x0000000083400000, 0x0000000083400000, 0x0000000083500000|  0%| F|  |TAMS 0x0000000083400000, 0x0000000083400000| Untracked 
|  33|0x0000000083500000, 0x0000000083500000, 0x0000000083600000|  0%| F|  |TAMS 0x0000000083500000, 0x0000000083500000| Untracked 
|  34|0x0000000083600000, 0x0000000083600000, 0x0000000083700000|  0%| F|  |TAMS 0x0000000083600000, 0x0000000083600000| Untracked 
|  35|0x0000000083700000, 0x0000000083700000, 0x0000000083800000|  0%| F|  |TAMS 0x0000000083700000, 0x0000000083700000| Untracked 
|  36|0x0000000083800000, 0x0000000083800000, 0x0000000083900000|  0%| F|  |TAMS 0x0000000083800000, 0x0000000083800000| Untracked 
|  37|0x0000000083900000, 0x0000000083900000, 0x0000000083a00000|  0%| F|  |TAMS 0x0000000083900000, 0x0000000083900000| Untracked 
|  38|0x0000000083a00000, 0x0000000083a00000, 0x0000000083b00000|  0%| F|  |TAMS 0x0000000083a00000, 0x0000000083a00000| Untracked 
|  39|0x0000000083b00000, 0x0000000083b00000, 0x0000000083c00000|  0%| F|  |TAMS 0x0000000083b00000, 0x0000000083b00000| Untracked 
|  40|0x0000000083c00000, 0x0000000083c00000, 0x0000000083d00000|  0%| F|  |TAMS 0x0000000083c00000, 0x0000000083c00000| Untracked 
|  41|0x0000000083d00000, 0x0000000083d00000, 0x0000000083e00000|  0%| F|  |TAMS 0x0000000083d00000, 0x0000000083d00000| Untracked 
|  42|0x0000000083e00000, 0x0000000083e00000, 0x0000000083f00000|  0%| F|  |TAMS 0x0000000083e00000, 0x0000000083e00000| Untracked 
|  43|0x0000000083f00000, 0x0000000083f00000, 0x0000000084000000|  0%| F|  |TAMS 0x0000000083f00000, 0x0000000083f00000| Untracked 
|  44|0x0000000084000000, 0x0000000084000000, 0x0000000084100000|  0%| F|  |TAMS 0x0000000084000000, 0x0000000084000000| Untracked 
|  45|0x0000000084100000, 0x0000000084100000, 0x0000000084200000|  0%| F|  |TAMS 0x0000000084100000, 0x0000000084100000| Untracked 
|  46|0x0000000084200000, 0x0000000084200000, 0x0000000084300000|  0%| F|  |TAMS 0x0000000084200000, 0x0000000084200000| Untracked 
|  47|0x0000000084300000, 0x0000000084300000, 0x0000000084400000|  0%| F|  |TAMS 0x0000000084300000, 0x0000000084300000| Untracked 
|  48|0x0000000084400000, 0x0000000084400000, 0x0000000084500000|  0%| F|  |TAMS 0x0000000084400000, 0x0000000084400000| Untracked 
|  49|0x0000000084500000, 0x0000000084500000, 0x0000000084600000|  0%| F|  |TAMS 0x0000000084500000, 0x0000000084500000| Untracked 
|  50|0x0000000084600000, 0x0000000084600000, 0x0000000084700000|  0%| F|  |TAMS 0x0000000084600000, 0x0000000084600000| Untracked 
|  51|0x0000000084700000, 0x0000000084700000, 0x0000000084800000|  0%| F|  |TAMS 0x0000000084700000, 0x0000000084700000| Untracked 
|  52|0x0000000084800000, 0x0000000084800000, 0x0000000084900000|  0%| F|  |TAMS 0x0000000084800000, 0x0000000084800000| Untracked 
|  53|0x0000000084900000, 0x0000000084900000, 0x0000000084a00000|  0%| F|  |TAMS 0x0000000084900000, 0x0000000084900000| Untracked 
|  54|0x0000000084a00000, 0x0000000084a00000, 0x0000000084b00000|  0%| F|  |TAMS 0x0000000084a00000, 0x0000000084a00000| Untracked 
|  55|0x0000000084b00000, 0x0000000084b00000, 0x0000000084c00000|  0%| F|  |TAMS 0x0000000084b00000, 0x0000000084b00000| Untracked 
|  56|0x0000000084c00000, 0x0000000084c00000, 0x0000000084d00000|  0%| F|  |TAMS 0x0000000084c00000, 0x0000000084c00000| Untracked 
|  57|0x0000000084d00000, 0x0000000084d00000, 0x0000000084e00000|  0%| F|  |TAMS 0x0000000084d00000, 0x0000000084d00000| Untracked 
|  58|0x0000000084e00000, 0x0000000084e00000, 0x0000000084f00000|  0%| F|  |TAMS 0x0000000084e00000, 0x0000000084e00000| Untracked 
|  59|0x0000000084f00000, 0x0000000084f00000, 0x0000000085000000|  0%| F|  |TAMS 0x0000000084f00000, 0x0000000084f00000| Untracked 
|  60|0x0000000085000000, 0x0000000085000000, 0x0000000085100000|  0%| F|  |TAMS 0x0000000085000000, 0x0000000085000000| Untracked 
|  61|0x0000000085100000, 0x0000000085100000, 0x0000000085200000|  0%| F|  |TAMS 0x0000000085100000, 0x0000000085100000| Untracked 
|  62|0x0000000085200000, 0x0000000085200000, 0x0000000085300000|  0%| F|  |TAMS 0x0000000085200000, 0x0000000085200000| Untracked 
|  63|0x0000000085300000, 0x0000000085300000, 0x0000000085400000|  0%| F|  |TAMS 0x0000000085300000, 0x0000000085300000| Untracked 
|  64|0x0000000085400000, 0x0000000085400000, 0x0000000085500000|  0%| F|  |TAMS 0x0000000085400000, 0x0000000085400000| Untracked 
|  65|0x0000000085500000, 0x0000000085500000, 0x0000000085600000|  0%| F|  |TAMS 0x0000000085500000, 0x0000000085500000| Untracked 
|  66|0x0000000085600000, 0x0000000085600000, 0x0000000085700000|  0%| F|  |TAMS 0x0000000085600000, 0x0000000085600000| Untracked 
|  67|0x0000000085700000, 0x0000000085700000, 0x0000000085800000|  0%| F|  |TAMS 0x0000000085700000, 0x0000000085700000| Untracked 
|  68|0x0000000085800000, 0x0000000085800000, 0x0000000085900000|  0%| F|  |TAMS 0x0000000085800000, 0x0000000085800000| Untracked 
|  69|0x0000000085900000, 0x0000000085900000, 0x0000000085a00000|  0%| F|  |TAMS 0x0000000085900000, 0x0000000085900000| Untracked 
|  70|0x0000000085a00000, 0x0000000085a00000, 0x0000000085b00000|  0%| F|  |TAMS 0x0000000085a00000, 0x0000000085a00000| Untracked 
|  71|0x0000000085b00000, 0x0000000085b00000, 0x0000000085c00000|  0%| F|  |TAMS 0x0000000085b00000, 0x0000000085b00000| Untracked 
|  72|0x0000000085c00000, 0x0000000085c00000, 0x0000000085d00000|  0%| F|  |TAMS 0x0000000085c00000, 0x0000000085c00000| Untracked 
|  73|0x0000000085d00000, 0x0000000085d00000, 0x0000000085e00000|  0%| F|  |TAMS 0x0000000085d00000, 0x0000000085d00000| Untracked 
|  74|0x0000000085e00000, 0x0000000085e00000, 0x0000000085f00000|  0%| F|  |TAMS 0x0000000085e00000, 0x0000000085e00000| Untracked 
|  75|0x0000000085f00000, 0x0000000085f00000, 0x0000000086000000|  0%| F|  |TAMS 0x0000000085f00000, 0x0000000085f00000| Untracked 
|  76|0x0000000086000000, 0x0000000086000000, 0x0000000086100000|  0%| F|  |TAMS 0x0000000086000000, 0x0000000086000000| Untracked 
|  77|0x0000000086100000, 0x0000000086100000, 0x0000000086200000|  0%| F|  |TAMS 0x0000000086100000, 0x0000000086100000| Untracked 
|  78|0x0000000086200000, 0x0000000086200000, 0x0000000086300000|  0%| F|  |TAMS 0x0000000086200000, 0x0000000086200000| Untracked 
|  79|0x0000000086300000, 0x0000000086300000, 0x0000000086400000|  0%| F|  |TAMS 0x0000000086300000, 0x0000000086300000| Untracked 
|  80|0x0000000086400000, 0x0000000086400000, 0x0000000086500000|  0%| F|  |TAMS 0x0000000086400000, 0x0000000086400000| Untracked 
|  81|0x0000000086500000, 0x0000000086500000, 0x0000000086600000|  0%| F|  |TAMS 0x0000000086500000, 0x0000000086500000| Untracked 
|  82|0x0000000086600000, 0x0000000086600000, 0x0000000086700000|  0%| F|  |TAMS 0x0000000086600000, 0x0000000086600000| Untracked 
|  83|0x0000000086700000, 0x0000000086700000, 0x0000000086800000|  0%| F|  |TAMS 0x0000000086700000, 0x0000000086700000| Untracked 
|  84|0x0000000086800000, 0x0000000086800000, 0x0000000086900000|  0%| F|  |TAMS 0x0000000086800000, 0x0000000086800000| Untracked 
|  85|0x0000000086900000, 0x0000000086900000, 0x0000000086a00000|  0%| F|  |TAMS 0x0000000086900000, 0x0000000086900000| Untracked 
|  86|0x0000000086a00000, 0x0000000086a00000, 0x0000000086b00000|  0%| F|  |TAMS 0x0000000086a00000, 0x0000000086a00000| Untracked 
|  87|0x0000000086b00000, 0x0000000086b00000, 0x0000000086c00000|  0%| F|  |TAMS 0x0000000086b00000, 0x0000000086b00000| Untracked 
|  88|0x0000000086c00000, 0x0000000086c00000, 0x0000000086d00000|  0%| F|  |TAMS 0x0000000086c00000, 0x0000000086c00000| Untracked 
|  89|0x0000000086d00000, 0x0000000086d00000, 0x0000000086e00000|  0%| F|  |TAMS 0x0000000086d00000, 0x0000000086d00000| Untracked 
|  90|0x0000000086e00000, 0x0000000086e00000, 0x0000000086f00000|  0%| F|  |TAMS 0x0000000086e00000, 0x0000000086e00000| Untracked 
|  91|0x0000000086f00000, 0x0000000086f00000, 0x0000000087000000|  0%| F|  |TAMS 0x0000000086f00000, 0x0000000086f00000| Untracked 
|  92|0x0000000087000000, 0x0000000087000000, 0x0000000087100000|  0%| F|  |TAMS 0x0000000087000000, 0x0000000087000000| Untracked 
|  93|0x0000000087100000, 0x0000000087100000, 0x0000000087200000|  0%| F|  |TAMS 0x0000000087100000, 0x0000000087100000| Untracked 
|  94|0x0000000087200000, 0x0000000087200000, 0x0000000087300000|  0%| F|  |TAMS 0x0000000087200000, 0x0000000087200000| Untracked 
|  95|0x0000000087300000, 0x0000000087300000, 0x0000000087400000|  0%| F|  |TAMS 0x0000000087300000, 0x0000000087300000| Untracked 
|  96|0x0000000087400000, 0x0000000087400000, 0x0000000087500000|  0%| F|  |TAMS 0x0000000087400000, 0x0000000087400000| Untracked 
|  97|0x0000000087500000, 0x0000000087500000, 0x0000000087600000|  0%| F|  |TAMS 0x0000000087500000, 0x0000000087500000| Untracked 
|  98|0x0000000087600000, 0x0000000087600000, 0x0000000087700000|  0%| F|  |TAMS 0x0000000087600000, 0x0000000087600000| Untracked 
|  99|0x0000000087700000, 0x0000000087700000, 0x0000000087800000|  0%| F|  |TAMS 0x0000000087700000, 0x0000000087700000| Untracked 
| 100|0x0000000087800000, 0x0000000087800000, 0x0000000087900000|  0%| F|  |TAMS 0x0000000087800000, 0x0000000087800000| Untracked 
| 101|0x0000000087900000, 0x0000000087900000, 0x0000000087a00000|  0%| F|  |TAMS 0x0000000087900000, 0x0000000087900000| Untracked 
| 102|0x0000000087a00000, 0x0000000087a00000, 0x0000000087b00000|  0%| F|  |TAMS 0x0000000087a00000, 0x0000000087a00000| Untracked 
| 103|0x0000000087b00000, 0x0000000087b00000, 0x0000000087c00000|  0%| F|  |TAMS 0x0000000087b00000, 0x0000000087b00000| Untracked 
| 104|0x0000000087c00000, 0x0000000087c00000, 0x0000000087d00000|  0%| F|  |TAMS 0x0000000087c00000, 0x0000000087c00000| Untracked 
| 105|0x0000000087d00000, 0x0000000087d00000, 0x0000000087e00000|  0%| F|  |TAMS 0x0000000087d00000, 0x0000000087d00000| Untracked 
| 106|0x0000000087e00000, 0x0000000087e00000, 0x0000000087f00000|  0%| F|  |TAMS 0x0000000087e00000, 0x0000000087e00000| Untracked 
| 107|0x0000000087f00000, 0x0000000087f00000, 0x0000000088000000|  0%| F|  |TAMS 0x0000000087f00000, 0x0000000087f00000| Untracked 
| 108|0x0000000088000000, 0x0000000088000000, 0x0000000088100000|  0%| F|  |TAMS 0x0000000088000000, 0x0000000088000000| Untracked 
| 109|0x0000000088100000, 0x0000000088100000, 0x0000000088200000|  0%| F|  |TAMS 0x0000000088100000, 0x0000000088100000| Untracked 
| 110|0x0000000088200000, 0x0000000088200000, 0x0000000088300000|  0%| F|  |TAMS 0x0000000088200000, 0x0000000088200000| Untracked 
| 111|0x0000000088300000, 0x0000000088300000, 0x0000000088400000|  0%| F|  |TAMS 0x0000000088300000, 0x0000000088300000| Untracked 
| 112|0x0000000088400000, 0x0000000088400000, 0x0000000088500000|  0%| F|  |TAMS 0x0000000088400000, 0x0000000088400000| Untracked 
| 113|0x0000000088500000, 0x0000000088600000, 0x0000000088600000|100%| S|CS|TAMS 0x0000000088500000, 0x0000000088500000| Complete 
| 114|0x0000000088600000, 0x0000000088700000, 0x0000000088700000|100%| S|CS|TAMS 0x0000000088600000, 0x0000000088600000| Complete 
| 115|0x0000000088700000, 0x0000000088700000, 0x0000000088800000|  0%| F|  |TAMS 0x0000000088700000, 0x0000000088700000| Untracked 
| 116|0x0000000088800000, 0x0000000088800000, 0x0000000088900000|  0%| F|  |TAMS 0x0000000088800000, 0x0000000088800000| Untracked 
| 117|0x0000000088900000, 0x0000000088900000, 0x0000000088a00000|  0%| F|  |TAMS 0x0000000088900000, 0x0000000088900000| Untracked 
| 118|0x0000000088a00000, 0x0000000088a00000, 0x0000000088b00000|  0%| F|  |TAMS 0x0000000088a00000, 0x0000000088a00000| Untracked 
| 119|0x0000000088b00000, 0x0000000088b00000, 0x0000000088c00000|  0%| F|  |TAMS 0x0000000088b00000, 0x0000000088b00000| Untracked 
| 120|0x0000000088c00000, 0x0000000088cd04a0, 0x0000000088d00000| 81%| E|  |TAMS 0x0000000088c00000, 0x0000000088c00000| Complete 
| 121|0x0000000088d00000, 0x0000000088e00000, 0x0000000088e00000|100%| E|CS|TAMS 0x0000000088d00000, 0x0000000088d00000| Complete 
| 122|0x0000000088e00000, 0x0000000088f00000, 0x0000000088f00000|100%| E|CS|TAMS 0x0000000088e00000, 0x0000000088e00000| Complete 
| 123|0x0000000088f00000, 0x0000000089000000, 0x0000000089000000|100%| E|CS|TAMS 0x0000000088f00000, 0x0000000088f00000| Complete 
| 124|0x0000000089000000, 0x0000000089100000, 0x0000000089100000|100%| E|CS|TAMS 0x0000000089000000, 0x0000000089000000| Complete 
| 125|0x0000000089100000, 0x0000000089200000, 0x0000000089200000|100%| E|CS|TAMS 0x0000000089100000, 0x0000000089100000| Complete 
| 126|0x0000000089200000, 0x0000000089300000, 0x0000000089300000|100%| E|CS|TAMS 0x0000000089200000, 0x0000000089200000| Complete 
| 127|0x0000000089300000, 0x0000000089400000, 0x0000000089400000|100%| E|CS|TAMS 0x0000000089300000, 0x0000000089300000| Complete 

Card table byte_map: [0x0000022a759d0000,0x0000022a75dd0000] _byte_map_base: 0x0000022a755c6000

Marking Bits (Prev, Next): (CMBitMap*) 0x0000022a62e4e0b0, (CMBitMap*) 0x0000022a62e4e0f0
 Prev Bits: [0x0000022a761d0000, 0x0000022a78180000)
 Next Bits: [0x0000022a78180000, 0x0000022a7a130000)

Polling page: 0x0000022a625b0000

Metaspace:

Usage:
  Non-class:      5.11 MB used.
      Class:    727.92 KB used.
       Both:      5.82 MB used.

Virtual space:
  Non-class space:       64.00 MB reserved,       5.19 MB (  8%) committed,  1 nodes.
      Class space:        1.00 GB reserved,     832.00 KB ( <1%) committed,  1 nodes.
             Both:        1.06 GB reserved,       6.00 MB ( <1%) committed. 

Chunk freelists:
   Non-Class:  9.19 MB
       Class:  15.02 MB
        Both:  24.20 MB

MaxMetaspaceSize: unlimited
CompressedClassSpaceSize: 1.00 GB
Initial GC threshold: 21.00 MB
Current GC threshold: 21.00 MB
CDS: on
MetaspaceReclaimPolicy: balanced
 - commit_granule_bytes: 65536.
 - commit_granule_words: 8192.
 - virtual_space_node_default_size: 8388608.
 - enlarge_chunks_in_place: 1.
 - new_chunks_are_fully_committed: 0.
 - uncommit_free_chunks: 1.
 - use_allocation_guard: 0.
 - handle_deallocations: 1.


Internal statistics:

num_allocs_failed_limit: 0.
num_arena_births: 40.
num_arena_deaths: 0.
num_vsnodes_births: 2.
num_vsnodes_deaths: 0.
num_space_committed: 96.
num_space_uncommitted: 0.
num_chunks_returned_to_freelist: 0.
num_chunks_taken_from_freelist: 206.
num_chunk_merges: 0.
num_chunk_splits: 129.
num_chunks_enlarged: 107.
num_inconsistent_stats: 0.

CodeHeap 'non-profiled nmethods': size=120000Kb used=362Kb max_used=362Kb free=119637Kb
 bounds [0x0000022a6e0a0000, 0x0000022a6e310000, 0x0000022a755d0000]
CodeHeap 'profiled nmethods': size=120000Kb used=2099Kb max_used=2099Kb free=117900Kb
 bounds [0x0000022a665d0000, 0x0000022a66840000, 0x0000022a6db00000]
CodeHeap 'non-nmethods': size=5760Kb used=1156Kb max_used=1180Kb free=4603Kb
 bounds [0x0000022a6db00000, 0x0000022a6dd70000, 0x0000022a6e0a0000]
 total_blobs=1513 nmethods=1064 adapters=362
 compilation: enabled
              stopped_count=0, restarted_count=0
 full_count=0

Compilation events (20 events):
Event: 1.071 Thread 0x0000022a7c60ce70 nmethod 1046 0x0000022a667ca490 code [0x0000022a667ca640, 0x0000022a667ca7e8]
Event: 1.071 Thread 0x0000022a7c60ce70 1050   !   3       java.nio.CharBuffer::wrap (21 bytes)
Event: 1.071 Thread 0x0000022a7c60ce70 nmethod 1050 0x0000022a667ca890 code [0x0000022a667caa40, 0x0000022a667cacd8]
Event: 1.071 Thread 0x0000022a7c60ce70 1051       3       java.nio.HeapCharBuffer::<init> (23 bytes)
Event: 1.071 Thread 0x0000022a7c60ce70 nmethod 1051 0x0000022a667cae10 code [0x0000022a667cafc0, 0x0000022a667cb148]
Event: 1.071 Thread 0x0000022a7c60ce70 1045   !   3       sun.nio.cs.StreamDecoder::read0 (116 bytes)
Event: 1.071 Thread 0x0000022a7c60ce70 nmethod 1045 0x0000022a667cb210 code [0x0000022a667cb3e0, 0x0000022a667cb8e8]
Event: 1.072 Thread 0x0000022a7c60ce70 1041       3       sun.nio.cs.UTF_8$Decoder::decodeLoop (28 bytes)
Event: 1.072 Thread 0x0000022a7c60ce70 nmethod 1041 0x0000022a667cba90 code [0x0000022a667cbc60, 0x0000022a667cc078]
Event: 1.072 Thread 0x0000022a7c60ce70 1043       3       sun.nio.cs.UTF_8$Decoder::xflow (31 bytes)
Event: 1.072 Thread 0x0000022a7c60ce70 nmethod 1043 0x0000022a667cc210 code [0x0000022a667cc400, 0x0000022a667cc958]
Event: 1.072 Thread 0x0000022a7c60ce70 1044       3       sun.nio.cs.UTF_8::updatePositions (23 bytes)
Event: 1.072 Thread 0x0000022a7c60ce70 nmethod 1044 0x0000022a667ccb10 code [0x0000022a667ccce0, 0x0000022a667cd118]
Event: 1.073 Thread 0x0000022a7c60ce70 1060       3       org.codehaus.plexus.util.xml.pull.MXParser::isS (30 bytes)
Event: 1.073 Thread 0x0000022a7c60ce70 nmethod 1060 0x0000022a667cd290 code [0x0000022a667cd420, 0x0000022a667cd618]
Event: 1.074 Thread 0x0000022a7c60ce70 1061       3       org.codehaus.plexus.util.xml.pull.MXParser::more (106 bytes)
Event: 1.074 Thread 0x0000022a7c60ce70 nmethod 1061 0x0000022a667cd690 code [0x0000022a667cd8e0, 0x0000022a667ce0d8]
Event: 1.080 Thread 0x0000022a7c60ce70 1062       3       java.lang.String::trim (35 bytes)
Event: 1.080 Thread 0x0000022a7c60ce70 nmethod 1062 0x0000022a667ce410 code [0x0000022a667ce5e0, 0x0000022a667ce8d8]
Event: 1.080 Thread 0x0000022a7c60ce70 1063       3       org.codehaus.plexus.util.xml.pull.MXParser::parseStartTag (1190 bytes)

GC Heap History (2 events):
Event: 0.879 GC heap before
{Heap before GC invocations=0 (full 0):
 garbage-first heap   total 131072K, used 12288K [0x0000000081400000, 0x0000000100000000)
  region size 1024K, 13 young (13312K), 0 survivors (0K)
 Metaspace       used 3777K, committed 3904K, reserved 1114112K
  class space    used 413K, committed 448K, reserved 1048576K
}
Event: 0.884 GC heap after
{Heap after GC invocations=1 (full 0):
 garbage-first heap   total 131072K, used 3221K [0x0000000081400000, 0x0000000100000000)
  region size 1024K, 2 young (2048K), 2 survivors (2048K)
 Metaspace       used 3777K, committed 3904K, reserved 1114112K
  class space    used 413K, committed 448K, reserved 1048576K
}

Dll operation events (4 events):
Event: 0.011 Loaded shared library C:\Users\hp\.jdks\jbr-17.0.12\bin\java.dll
Event: 0.031 Loaded shared library C:\Users\hp\.jdks\jbr-17.0.12\bin\jsvml.dll
Event: 0.134 Loaded shared library C:\Users\hp\.jdks\jbr-17.0.12\bin\zip.dll
Event: 0.403 Loaded shared library C:\Users\hp\.jdks\jbr-17.0.12\bin\verify.dll

Deoptimization events (20 events):
Event: 0.697 Thread 0x0000022a62deaeb0 Uncommon trap: trap_request=0xffffff45 fr.pc=0x0000022a6e0b6fe8 relative=0x0000000000000448
Event: 0.697 Thread 0x0000022a62deaeb0 Uncommon trap: reason=unstable_if action=reinterpret pc=0x0000022a6e0b6fe8 method=java.lang.StringLatin1.canEncode(I)Z @ 4 c2
Event: 0.697 Thread 0x0000022a62deaeb0 DEOPT PACKING pc=0x0000022a6e0b6fe8 sp=0x000000f5332fdc60
Event: 0.697 Thread 0x0000022a62deaeb0 DEOPT UNPACKING pc=0x0000022a6db569a3 sp=0x000000f5332fdb88 mode 2
Event: 0.697 Thread 0x0000022a62deaeb0 Uncommon trap: trap_request=0xffffff45 fr.pc=0x0000022a6e0b7ccc relative=0x000000000000042c
Event: 0.697 Thread 0x0000022a62deaeb0 Uncommon trap: reason=unstable_if action=reinterpret pc=0x0000022a6e0b7ccc method=java.lang.AbstractStringBuilder.isLatin1()Z @ 10 c2
Event: 0.697 Thread 0x0000022a62deaeb0 DEOPT PACKING pc=0x0000022a6e0b7ccc sp=0x000000f5332fdc70
Event: 0.697 Thread 0x0000022a62deaeb0 DEOPT UNPACKING pc=0x0000022a6db569a3 sp=0x000000f5332fdbf0 mode 2
Event: 0.697 Thread 0x0000022a62deaeb0 Uncommon trap: trap_request=0xffffff45 fr.pc=0x0000022a6e0c08dc relative=0x000000000000005c
Event: 0.697 Thread 0x0000022a62deaeb0 Uncommon trap: reason=unstable_if action=reinterpret pc=0x0000022a6e0c08dc method=java.lang.AbstractStringBuilder.isLatin1()Z @ 10 c2
Event: 0.697 Thread 0x0000022a62deaeb0 DEOPT PACKING pc=0x0000022a6e0c08dc sp=0x000000f5332fdc50
Event: 0.697 Thread 0x0000022a62deaeb0 DEOPT UNPACKING pc=0x0000022a6db569a3 sp=0x000000f5332fdbe0 mode 2
Event: 0.714 Thread 0x0000022a62deaeb0 DEOPT PACKING pc=0x0000022a6660b53e sp=0x000000f5332fd730
Event: 0.714 Thread 0x0000022a62deaeb0 DEOPT UNPACKING pc=0x0000022a6db57143 sp=0x000000f5332fcba8 mode 0
Event: 0.898 Thread 0x0000022a62deaeb0 DEOPT PACKING pc=0x0000022a666a1527 sp=0x000000f5332f7e90
Event: 0.898 Thread 0x0000022a62deaeb0 DEOPT UNPACKING pc=0x0000022a6db57143 sp=0x000000f5332f72f0 mode 0
Event: 1.058 Thread 0x0000022a62deaeb0 Uncommon trap: trap_request=0xffffff45 fr.pc=0x0000022a6e0cd034 relative=0x00000000000000b4
Event: 1.058 Thread 0x0000022a62deaeb0 Uncommon trap: reason=unstable_if action=reinterpret pc=0x0000022a6e0cd034 method=org.codehaus.plexus.util.xml.pull.MXParser.more()C @ 8 c2
Event: 1.058 Thread 0x0000022a62deaeb0 DEOPT PACKING pc=0x0000022a6e0cd034 sp=0x000000f5332fdcd0
Event: 1.058 Thread 0x0000022a62deaeb0 DEOPT UNPACKING pc=0x0000022a6db569a3 sp=0x000000f5332fdc60 mode 2

Classes loaded (20 events):
Event: 1.023 Loading class java/util/concurrent/TimeoutException
Event: 1.023 Loading class java/util/concurrent/TimeoutException done
Event: 1.023 Loading class java/util/concurrent/CancellationException
Event: 1.023 Loading class java/util/concurrent/CancellationException done
Event: 1.024 Loading class sun/misc/Unsafe
Event: 1.025 Loading class sun/misc/Unsafe done
Event: 1.025 Loading class jdk/internal/reflect/UnsafeFieldAccessorFactory
Event: 1.026 Loading class jdk/internal/reflect/UnsafeFieldAccessorFactory done
Event: 1.026 Loading class jdk/internal/reflect/UnsafeQualifiedStaticObjectFieldAccessorImpl
Event: 1.026 Loading class jdk/internal/reflect/UnsafeQualifiedStaticFieldAccessorImpl
Event: 1.026 Loading class jdk/internal/reflect/UnsafeQualifiedStaticFieldAccessorImpl done
Event: 1.026 Loading class jdk/internal/reflect/UnsafeQualifiedStaticObjectFieldAccessorImpl done
Event: 1.031 Loading class java/lang/reflect/ParameterizedType
Event: 1.031 Loading class java/lang/reflect/ParameterizedType done
Event: 1.035 Loading class java/lang/reflect/WildcardType
Event: 1.035 Loading class java/lang/reflect/WildcardType done
Event: 1.038 Loading class sun/reflect/generics/tree/TypeVariableSignature
Event: 1.038 Loading class sun/reflect/generics/tree/TypeVariableSignature done
Event: 1.053 Loading class java/lang/annotation/IncompleteAnnotationException
Event: 1.053 Loading class java/lang/annotation/IncompleteAnnotationException done

Classes unloaded (0 events):
No events

Classes redefined (0 events):
No events

Internal exceptions (15 events):
Event: 0.166 Thread 0x0000022a7c97cba0 Exception <a 'java/lang/NoSuchMethodError'{0x00000000892ccc78}: 'java.lang.Object java.lang.invoke.DirectMethodHandle$Holder.invokeStaticInit(java.lang.Object)'> (0x00000000892ccc78) 
thrown [s\src\hotspot\share\interpreter\linkResolver.cpp, line 771]
Event: 0.174 Thread 0x0000022a7c97cba0 Exception <a 'java/lang/NoSuchMethodError'{0x00000000892db048}: 'void java.lang.invoke.DirectMethodHandle$Holder.invokeStatic(java.lang.Object, java.lang.Object)'> (0x00000000892db048) 
thrown [s\src\hotspot\share\interpreter\linkResolver.cpp, line 771]
Event: 0.192 Thread 0x0000022a62deaeb0 Exception <a 'java/lang/NoSuchMethodError'{0x0000000089165658}: 'int java.lang.invoke.DirectMethodHandle$Holder.invokeSpecial(java.lang.Object, java.lang.Object, java.lang.Object)'> (0x0000000089165658) 
thrown [s\src\hotspot\share\interpreter\linkResolver.cpp, line 771]
Event: 0.285 Thread 0x0000022a62deaeb0 Exception <a 'java/lang/NullPointerException'{0x0000000088fed948}> (0x0000000088fed948) 
thrown [s\src\hotspot\share\interpreter\linkResolver.cpp, line 1362]
Event: 0.317 Thread 0x0000022a62deaeb0 Exception <a 'sun/nio/fs/WindowsException'{0x0000000088e1ea40}> (0x0000000088e1ea40) 
thrown [s\src\hotspot\share\prims\jni.cpp, line 531]
Event: 0.415 Thread 0x0000022a62deaeb0 Exception <a 'java/lang/NoSuchMethodError'{0x0000000088d165d8}: 'void java.lang.invoke.DirectMethodHandle$Holder.invokeStaticInit(java.lang.Object, java.lang.Object)'> (0x0000000088d165d8) 
thrown [s\src\hotspot\share\interpreter\linkResolver.cpp, line 771]
Event: 0.434 Thread 0x0000022a62deaeb0 Exception <a 'java/lang/NoSuchMethodError'{0x0000000088d66428}: 'void java.lang.invoke.DirectMethodHandle$Holder.invokeStatic(java.lang.Object, java.lang.Object, java.lang.Object)'> (0x0000000088d66428) 
thrown [s\src\hotspot\share\interpreter\linkResolver.cpp, line 771]
Event: 0.568 Thread 0x0000022a62deaeb0 Exception <a 'java/lang/NoSuchMethodError'{0x0000000088cfccb0}: 'java.lang.Object java.lang.invoke.DirectMethodHandle$Holder.invokeSpecialIFC(java.lang.Object, java.lang.Object, java.lang.Object, java.lang.Object)'> (0x0000000088cfccb0) 
thrown [s\src\hotspot\share\interpreter\linkResolver.cpp, line 771]
Event: 0.905 Thread 0x0000022a62deaeb0 Exception <a 'java/lang/NoSuchMethodError'{0x0000000089230fa0}: 'void java.lang.invoke.DirectMethodHandle$Holder.invokeSpecial(java.lang.Object, java.lang.Object, java.lang.Object)'> (0x0000000089230fa0) 
thrown [s\src\hotspot\share\interpreter\linkResolver.cpp, line 771]
Event: 0.937 Thread 0x0000022a62deaeb0 Exception <a 'java/lang/NoSuchMethodError'{0x000000008919d440}: 'java.lang.Object java.lang.invoke.DirectMethodHandle$Holder.invokeInterface(java.lang.Object, java.lang.Object)'> (0x000000008919d440) 
thrown [s\src\hotspot\share\interpreter\linkResolver.cpp, line 771]
Event: 0.953 Thread 0x0000022a62deaeb0 Exception <a 'java/lang/NoSuchMethodError'{0x00000000890502a8}: 'java.lang.Object java.lang.invoke.Invokers$Holder.invokeExact_MT(java.lang.Object, java.lang.Object, java.lang.Object, java.lang.Object, java.lang.Object, java.lang.Object)'> (0x00000000890502a8) 
thrown [s\src\hotspot\share\interpreter\linkResolver.cpp, line 771]
Event: 0.955 Thread 0x0000022a62deaeb0 Exception <a 'java/lang/NoSuchMethodError'{0x0000000089061778}: 'int java.lang.invoke.DirectMethodHandle$Holder.invokeSpecialIFC(java.lang.Object, java.lang.Object, java.lang.Object, java.lang.Object, java.lang.Object)'> (0x0000000089061778) 
thrown [s\src\hotspot\share\interpreter\linkResolver.cpp, line 771]
Event: 1.008 Thread 0x0000022a62deaeb0 Exception <a 'java/lang/NoSuchMethodError'{0x0000000088e1d230}: 'java.lang.Object java.lang.invoke.DirectMethodHandle$Holder.newInvokeSpecial(java.lang.Object, java.lang.Object, java.lang.Object, java.lang.Object, java.lang.Object)'> (0x0000000088e1d230) 
thrown [s\src\hotspot\share\interpreter\linkResolver.cpp, line 771]
Event: 1.045 Thread 0x0000022a62deaeb0 Exception <a 'java/lang/NoSuchMethodError'{0x0000000088d2d960}: 'int java.lang.invoke.DirectMethodHandle$Holder.invokeStaticInit(java.lang.Object, java.lang.Object)'> (0x0000000088d2d960) 
thrown [s\src\hotspot\share\interpreter\linkResolver.cpp, line 771]
Event: 1.053 Thread 0x0000022a62deaeb0 Exception <a 'java/lang/NoClassDefFoundError'{0x0000000088d68ae8}: javax/enterprise/inject/Typed> (0x0000000088d68ae8) 
thrown [s\src\hotspot\share\classfile\systemDictionary.cpp, line 245]

VM Operations (10 events):
Event: 0.084 Executing VM operation: HandshakeAllThreads
Event: 0.084 Executing VM operation: HandshakeAllThreads done
Event: 0.165 Executing VM operation: HandshakeAllThreads
Event: 0.165 Executing VM operation: HandshakeAllThreads done
Event: 0.284 Executing VM operation: HandshakeAllThreads
Event: 0.284 Executing VM operation: HandshakeAllThreads done
Event: 0.298 Executing VM operation: HandshakeAllThreads
Event: 0.314 Executing VM operation: HandshakeAllThreads done
Event: 0.879 Executing VM operation: G1CollectForAllocation
Event: 0.884 Executing VM operation: G1CollectForAllocation done

Events (20 events):
Event: 0.043 Thread 0x0000022a7c5de610 Thread added: 0x0000022a7c5de610
Event: 0.044 Thread 0x0000022a7c5e1690 Thread added: 0x0000022a7c5e1690
Event: 0.044 Thread 0x0000022a7c5e1f60 Thread added: 0x0000022a7c5e1f60
Event: 0.044 Thread 0x0000022a7c5e7c70 Thread added: 0x0000022a7c5e7c70
Event: 0.044 Thread 0x0000022a7c60ce70 Thread added: 0x0000022a7c60ce70
Event: 0.044 Thread 0x0000022a7c60f790 Thread added: 0x0000022a7c60f790
Event: 0.073 Thread 0x0000022a7c5b0250 Thread added: 0x0000022a7c5b0250
Event: 0.137 Loaded shared library C:\Users\hp\.jdks\jbr-17.0.12\bin\instrument.dll
Event: 0.144 Loaded shared library C:\Users\hp\.jdks\jbr-17.0.12\bin\net.dll
Event: 0.146 Loaded shared library C:\Users\hp\.jdks\jbr-17.0.12\bin\nio.dll
Event: 0.150 Loaded shared library C:\Users\hp\.jdks\jbr-17.0.12\bin\zip.dll
Event: 0.161 Loaded shared library C:\Program Files\JetBrains\IntelliJ IDEA 2024.3.1.1\bin\breakgen64.dll
Event: 0.162 Thread 0x0000022a7c97cba0 Thread added: 0x0000022a7c97cba0
Event: 0.162 Thread 0x0000022a7c9e51c0 Thread added: 0x0000022a7c9e51c0
Event: 0.172 Loaded shared library C:\Users\hp\.jdks\jbr-17.0.12\bin\extnet.dll
Event: 0.289 Thread 0x0000022a7cc53da0 Thread added: 0x0000022a7cc53da0
Event: 0.292 Loaded shared library C:\Users\hp\.jdks\jbr-17.0.12\bin\jimage.dll
Event: 0.318 Thread 0x0000022a7cc53da0 Thread exited: 0x0000022a7cc53da0
Event: 0.388 Loaded shared library C:\Users\hp\AppData\Local\Temp\jansi-2.4.1-cabb32587ac0cc23-jansi.dll
Event: 0.675 Thread 0x0000022a7cca0e50 Thread added: 0x0000022a7cca0e50


Dynamic libraries:
0x00007ff6daac0000 - 0x00007ff6daaca000 	C:\Users\hp\.jdks\jbr-17.0.12\bin\java.exe
0x00007fff5a6d0000 - 0x00007fff5a8c8000 	C:\Windows\SYSTEM32\ntdll.dll
0x00007fff597f0000 - 0x00007fff598b2000 	C:\Windows\System32\KERNEL32.DLL
0x00007fff57d70000 - 0x00007fff5806f000 	C:\Windows\System32\KERNELBASE.dll
0x00007fff583f0000 - 0x00007fff584f0000 	C:\Windows\System32\ucrtbase.dll
0x00007fff512c0000 - 0x00007fff512db000 	C:\Users\hp\.jdks\jbr-17.0.12\bin\VCRUNTIME140.dll
0x00007fff51310000 - 0x00007fff51327000 	C:\Users\hp\.jdks\jbr-17.0.12\bin\jli.dll
0x00007fff586f0000 - 0x00007fff5888d000 	C:\Windows\System32\USER32.dll
0x00007fff58070000 - 0x00007fff58092000 	C:\Windows\System32\win32u.dll
0x00007fff45f80000 - 0x00007fff4621a000 	C:\Windows\WinSxS\amd64_microsoft.windows.common-controls_6595b64144ccf1df_6.0.19041.4355_none_60b8b9eb71f62e16\COMCTL32.dll
0x00007fff589a0000 - 0x00007fff58a3e000 	C:\Windows\System32\msvcrt.dll
0x00007fff59760000 - 0x00007fff5978b000 	C:\Windows\System32\GDI32.dll
0x00007fff585d0000 - 0x00007fff586ea000 	C:\Windows\System32\gdi32full.dll
0x00007fff58110000 - 0x00007fff581ad000 	C:\Windows\System32\msvcp_win.dll
0x00007fff5a4a0000 - 0x00007fff5a4cf000 	C:\Windows\System32\IMM32.DLL
0x00007fff513c0000 - 0x00007fff513cc000 	C:\Users\hp\.jdks\jbr-17.0.12\bin\vcruntime140_1.dll
0x00007fff428b0000 - 0x00007fff4293d000 	C:\Users\hp\.jdks\jbr-17.0.12\bin\msvcp140.dll
0x00007fff21ba0000 - 0x00007fff2282a000 	C:\Users\hp\.jdks\jbr-17.0.12\bin\server\jvm.dll
0x00007fff588f0000 - 0x00007fff5899f000 	C:\Windows\System32\ADVAPI32.dll
0x00007fff59c00000 - 0x00007fff59c9f000 	C:\Windows\System32\sechost.dll
0x00007fff59ad0000 - 0x00007fff59bf3000 	C:\Windows\System32\RPCRT4.dll
0x00007fff584f0000 - 0x00007fff58517000 	C:\Windows\System32\bcrypt.dll
0x00007fff5a600000 - 0x00007fff5a66b000 	C:\Windows\System32\WS2_32.dll
0x00007fff57270000 - 0x00007fff572bb000 	C:\Windows\SYSTEM32\POWRPROF.dll
0x00007fff45d30000 - 0x00007fff45d57000 	C:\Windows\SYSTEM32\WINMM.dll
0x00007fff50cc0000 - 0x00007fff50cca000 	C:\Windows\SYSTEM32\VERSION.dll
0x00007fff57130000 - 0x00007fff57142000 	C:\Windows\SYSTEM32\UMPDC.dll
0x00007fff56580000 - 0x00007fff56592000 	C:\Windows\SYSTEM32\kernel.appcore.dll
0x00007fff51340000 - 0x00007fff5134a000 	C:\Users\hp\.jdks\jbr-17.0.12\bin\jimage.dll
0x00007fff55a60000 - 0x00007fff55c44000 	C:\Windows\SYSTEM32\DBGHELP.DLL
0x00007fff43aa0000 - 0x00007fff43ad4000 	C:\Windows\SYSTEM32\dbgcore.DLL
0x00007fff58200000 - 0x00007fff58282000 	C:\Windows\System32\bcryptPrimitives.dll
0x00007fff47230000 - 0x00007fff4723e000 	C:\Users\hp\.jdks\jbr-17.0.12\bin\instrument.dll
0x00007fff454d0000 - 0x00007fff454f5000 	C:\Users\hp\.jdks\jbr-17.0.12\bin\java.dll
0x00007fff3a8c0000 - 0x00007fff3a997000 	C:\Users\hp\.jdks\jbr-17.0.12\bin\jsvml.dll
0x00007fff58e90000 - 0x00007fff595fd000 	C:\Windows\System32\SHELL32.dll
0x00007fff55d90000 - 0x00007fff56534000 	C:\Windows\SYSTEM32\windows.storage.dll
0x00007fff5a140000 - 0x00007fff5a495000 	C:\Windows\System32\combase.dll
0x00007fff576c0000 - 0x00007fff576ef000 	C:\Windows\SYSTEM32\Wldp.dll
0x00007fff58bf0000 - 0x00007fff58cbd000 	C:\Windows\System32\OLEAUT32.dll
0x00007fff58cc0000 - 0x00007fff58d6d000 	C:\Windows\System32\SHCORE.dll
0x00007fff59a70000 - 0x00007fff59ac5000 	C:\Windows\System32\shlwapi.dll
0x00007fff57ca0000 - 0x00007fff57cc4000 	C:\Windows\SYSTEM32\profapi.dll
0x00007fff51240000 - 0x00007fff51258000 	C:\Users\hp\.jdks\jbr-17.0.12\bin\zip.dll
0x00007fff50a60000 - 0x00007fff50a79000 	C:\Users\hp\.jdks\jbr-17.0.12\bin\net.dll
0x00007fff505f0000 - 0x00007fff506fa000 	C:\Windows\SYSTEM32\WINHTTP.dll
0x00007fff574a0000 - 0x00007fff5750c000 	C:\Windows\system32\mswsock.dll
0x00007fff43a20000 - 0x00007fff43a36000 	C:\Users\hp\.jdks\jbr-17.0.12\bin\nio.dll
0x00007fff3a7a0000 - 0x00007fff3a7ba000 	C:\Program Files\JetBrains\IntelliJ IDEA 2024.3.1.1\bin\breakgen64.dll
0x00007fff439f0000 - 0x00007fff439f9000 	C:\Users\hp\.jdks\jbr-17.0.12\bin\extnet.dll
0x00007fff36c70000 - 0x00007fff36c94000 	C:\Users\hp\AppData\Local\Temp\jansi-2.4.1-cabb32587ac0cc23-jansi.dll
0x00007fff51270000 - 0x00007fff51280000 	C:\Users\hp\.jdks\jbr-17.0.12\bin\verify.dll

dbghelp: loaded successfully - version: 4.0.5 - missing functions: none
symbol engine: initialized successfully - sym options: 0x614 - pdb path: .;C:\Users\hp\.jdks\jbr-17.0.12\bin;C:\Windows\SYSTEM32;C:\Windows\WinSxS\amd64_microsoft.windows.common-controls_6595b64144ccf1df_6.0.19041.4355_none_60b8b9eb71f62e16;C:\Users\hp\.jdks\jbr-17.0.12\bin\server;C:\Program Files\JetBrains\IntelliJ IDEA 2024.3.1.1\bin;C:\Users\hp\AppData\Local\Temp

VM Arguments:
jvm_args: -Dmaven.multiModuleProjectDirectory=D:\mmm\mmm\2024-2025 4SAE1\App web dist\MiniProjet\Partnership Management -Djansi.passthrough=true -Dmaven.home=C:\Users\hp\.m2\wrapper\dists\apache-maven-3.9.9-bin\4nf9hui3q3djbarqar9g711ggc\apache-maven-3.9.9 -Dclassworlds.conf=C:\Users\hp\.m2\wrapper\dists\apache-maven-3.9.9-bin\4nf9hui3q3djbarqar9g711ggc\apache-maven-3.9.9\bin\m2.conf -Dmaven.ext.class.path=C:\Program Files\JetBrains\IntelliJ IDEA 2024.3.1.1\plugins\maven\lib\maven-event-listener.jar -javaagent:C:\Program Files\JetBrains\IntelliJ IDEA 2024.3.1.1\lib\idea_rt.jar=55716:C:\Program Files\JetBrains\IntelliJ IDEA 2024.3.1.1\bin -Dfile.encoding=UTF-8 
java_command: org.codehaus.classworlds.Launcher -Didea.version=2024.3.1.1 -DskipTests=true clean
java_class_path (initial): C:\Users\hp\.m2\wrapper\dists\apache-maven-3.9.9-bin\4nf9hui3q3djbarqar9g711ggc\apache-maven-3.9.9\boot\plexus-classworlds-2.8.0.jar;C:\Users\hp\.m2\wrapper\dists\apache-maven-3.9.9-bin\4nf9hui3q3djbarqar9g711ggc\apache-maven-3.9.9\boot\plexus-classworlds.license
Launcher Type: SUN_STANDARD

[Global flags]
     intx CICompilerCount                          = 3                                         {product} {ergonomic}
     uint ConcGCThreads                            = 1                                         {product} {ergonomic}
     uint G1ConcRefinementThreads                  = 4                                         {product} {ergonomic}
   size_t G1HeapRegionSize                         = 1048576                                   {product} {ergonomic}
    uintx GCDrainStackTargetSize                   = 64                                        {product} {ergonomic}
   size_t InitialHeapSize                          = 134217728                                 {product} {ergonomic}
   size_t MarkStackSize                            = 4194304                                   {product} {ergonomic}
   size_t MaxHeapSize                              = 2126512128                                {product} {ergonomic}
   size_t MaxNewSize                               = 1275068416                                {product} {ergonomic}
   size_t MinHeapDeltaBytes                        = 1048576                                   {product} {ergonomic}
   size_t MinHeapSize                              = 8388608                                   {product} {ergonomic}
    uintx NonNMethodCodeHeapSize                   = 5832780                                {pd product} {ergonomic}
    uintx NonProfiledCodeHeapSize                  = 122912730                              {pd product} {ergonomic}
    uintx ProfiledCodeHeapSize                     = 122912730                              {pd product} {ergonomic}
    uintx ReservedCodeCacheSize                    = 251658240                              {pd product} {ergonomic}
     bool SegmentedCodeCache                       = true                                      {product} {ergonomic}
   size_t SoftMaxHeapSize                          = 2126512128                             {manageable} {ergonomic}
     bool UseCompressedClassPointers               = true                           {product lp64_product} {ergonomic}
     bool UseCompressedOops                        = true                           {product lp64_product} {ergonomic}
     bool UseG1GC                                  = true                                      {product} {ergonomic}
     bool UseLargePagesIndividualAllocation        = false                                  {pd product} {ergonomic}

Logging:
Log output configuration:
 #0: stdout all=warning uptime,level,tags
 #1: stderr all=off uptime,level,tags

Environment Variables:
PATH=C:\Python313\Scripts\;C:\Python313\;C:\oraclexe\app\oracle\product\11.2.0\server\bin;;C:\Python312\Scripts\;C:\Python312\;C:\Program Files (x86)\VMware\VMware Workstation\bin\;C:\Program Files\Common Files\Oracle\Java\javapath;C:\Program Files (x86)\Common Files\Oracle\Java\java8path;C:\Program Files (x86)\Common Files\Oracle\Java\javapath;C:\Windows\system32;C:\Windows;C:\Windows\System32\Wbem;C:\Windows\System32\WindowsPowerShell\v1.0\;C:\Windows\System32\OpenSSH\;C:\Program Files\Microsoft SQL Server\120\Tools\Binn\;C:\Program Files\Common Files\Autodesk Shared\;C:\Program Files\Git\cmd;C:\Program Files\Microsoft SQL Server\150\Tools\Binn\;C:\Program Files\Microsoft SQL Server\Client SDK\ODBC\170\Tools\Binn\;C:\Program Files\dotnet\;C:\ProgramData\chocolatey\bin;C:\Program Files\Docker\Docker\resources\bin;C:\Program Files\nodejs\;C:\Users\hp\AppData\Local\Microsoft\WindowsApps;C:\Users\hp\AppData\Local\Programs\Microsoft VS Code\bin;C:\Users\hp\.dotnet\tools;C:\Program Files\MongoDB\Server\4.0\bin;C:\Users\hp\AppData\Roaming\npm
USERNAME=hp
OS=Windows_NT
PROCESSOR_IDENTIFIER=Intel64 Family 6 Model 142 Stepping 9, GenuineIntel
TMP=C:\Users\hp\AppData\Local\Temp
TEMP=C:\Users\hp\AppData\Local\Temp



Periodic native trim disabled

JNI global refs:
JNI global refs: 14, weak refs: 2

JNI global refs memory usage: 843, weak refs: 841

Process memory usage:
Resident Set Size: 75696K (0% of 8302416K total physical memory with 525756K free physical memory)

OOME stack traces (most recent first):
Classloader memory used:
Loader org.codehaus.plexus.classworlds.realm.ClassRealm                                : 397K
Loader bootstrap                                                                       : 335K
Loader jdk.internal.loader.ClassLoaders$AppClassLoader                                 : 13624B
Loader jdk.internal.loader.ClassLoaders$PlatformClassLoader                            : 335B


---------------  S Y S T E M  ---------------

OS:
 Windows 10 , 64 bit Build 19041 (10.0.19041.5438)
OS uptime: 0 days 12:22 hours
Hyper-V role detected

CPU: total 4 (initial active 4) (2 cores per cpu, 2 threads per core) family 6 model 142 stepping 9 microcode 0xb4, cx8, cmov, fxsr, ht, mmx, 3dnowpref, sse, sse2, sse3, ssse3, sse4.1, sse4.2, popcnt, lzcnt, tsc, tscinvbit, avx, avx2, aes, erms, clmul, bmi1, bmi2, adx, fma, vzeroupper, clflush, clflushopt, hv
Processor Information for all 4 processors :
  Max Mhz: 2901, Current Mhz: 2901, Mhz Limit: 2901

Memory: 4k page, system-wide physical 8107M (513M free)
TotalPageFile size 12107M (AvailPageFile size 4M)
current process WorkingSet (physical memory assigned to process): 73M, peak: 74M
current process commit charge ("private bytes"): 221M, peak: 222M

vm_info: OpenJDK 64-Bit Server VM (17.0.12+1-b1207.37) for windows-amd64 JRE (17.0.12+1-b1207.37), built on 2024-09-25 by "builduser" with MS VC++ 16.10 / 16.11 (VS2019)

END.
