#
# There is insufficient memory for the Java Runtime Environment to continue.
# Native memory allocation (malloc) failed to allocate 1709152 bytes. Error detail: Chunk::new
# Possible reasons:
#   The system is out of physical RAM or swap space
#   This process is running with CompressedOops enabled, and the Java Heap may be blocking the growth of the native heap
# Possible solutions:
#   Reduce memory load on the system
#   Increase physical memory or swap space
#   Check if swap backing store is full
#   Decrease Java heap size (-Xmx/-Xms)
#   Decrease number of Java threads
#   Decrease Java thread stack sizes (-Xss)
#   Set larger code cache with -XX:ReservedCodeCacheSize=
#   JVM is running with Unscaled Compressed Oops mode in which the Java heap is
#     placed in the first 4GB address space. The Java Heap base address is the
#     maximum limit for the native heap growth. Please use -XX:HeapBaseMinAddress
#     to set the Java Heap base and to place the Java Heap above 4GB virtual address.
# This output file may be truncated or incomplete.
#
#  Out of Memory Error (arena.cpp:191), pid=14548, tid=11836
#
# JRE version: OpenJDK Runtime Environment JBR-17.0.12+1-1207.37-nomod (17.0.12+1) (build 17.0.12+1-b1207.37)
# Java VM: OpenJDK 64-Bit Server VM JBR-17.0.12+1-1207.37-nomod (17.0.12+1-b1207.37, mixed mode, sharing, tiered, compressed oops, compressed class ptrs, g1 gc, windows-amd64)
# No core dump will be written. Minidumps are not enabled by default on client versions of Windows
#

---------------  S U M M A R Y ------------

Command Line: -Dmaven.multiModuleProjectDirectory=D:\mmm\mmm\2024-2025 4SAE1\App web dist\MiniProjet\Partnership Management -Djansi.passthrough=true -Dmaven.home=C:\Users\hp\.m2\wrapper\dists\apache-maven-3.9.9-bin\4nf9hui3q3djbarqar9g711ggc\apache-maven-3.9.9 -Dclassworlds.conf=C:\Users\hp\.m2\wrapper\dists\apache-maven-3.9.9-bin\4nf9hui3q3djbarqar9g711ggc\apache-maven-3.9.9\bin\m2.conf -Dmaven.ext.class.path=C:\Program Files\JetBrains\IntelliJ IDEA 2024.3.1.1\plugins\maven\lib\maven-event-listener.jar -javaagent:C:\Program Files\JetBrains\IntelliJ IDEA 2024.3.1.1\lib\idea_rt.jar=55680:C:\Program Files\JetBrains\IntelliJ IDEA 2024.3.1.1\bin -Dfile.encoding=UTF-8 org.codehaus.classworlds.Launcher -Didea.version=2024.3.1.1 -DskipTests=true install

Host: Intel(R) Core(TM) i7-7500U CPU @ 2.70GHz, 4 cores, 7G,  Windows 10 , 64 bit Build 19041 (10.0.19041.5438)
Time: Tue Feb 25 21:27:37 2025 Romance Standard Time elapsed time: 2.194284 seconds (0d 0h 0m 2s)

---------------  T H R E A D  ---------------

Current thread (0x000002847ec8c150):  JavaThread "C2 CompilerThread0" daemon [_thread_in_native, id=11836, stack(0x0000009ee6d00000,0x0000009ee6e00000)]


Current CompileTask:
C2:   2194 2602       4       org.codehaus.plexus.util.xml.pull.MXParser::parseStartTag (1190 bytes)

Stack: [0x0000009ee6d00000,0x0000009ee6e00000]
Native frames: (J=compiled Java code, j=interpreted, Vv=VM code, C=native code)
V  [jvm.dll+0x689d89]


---------------  P R O C E S S  ---------------

Threads class SMR info:
_java_thread_list=0x000002844c623bc0, length=15, elements={
0x000002846b3faf20, 0x000002847ec74c00, 0x000002847ec75a80, 0x000002847ec87260,
0x000002847ec87e20, 0x000002847ec889e0, 0x000002847ec8b3b0, 0x000002847ec8c150,
0x000002847ec99120, 0x000002847ecb7620, 0x00000284472c3df0, 0x00000284473a08a0,
0x00000284473ba6d0, 0x00000284473f9430, 0x000002844c8c15a0
}

Java Threads: ( => current thread )
  0x000002846b3faf20 JavaThread "main" [_thread_in_Java, id=14668, stack(0x0000009ee6000000,0x0000009ee6100000)]
  0x000002847ec74c00 JavaThread "Reference Handler" daemon [_thread_blocked, id=14408, stack(0x0000009ee6700000,0x0000009ee6800000)]
  0x000002847ec75a80 JavaThread "Finalizer" daemon [_thread_blocked, id=6496, stack(0x0000009ee6800000,0x0000009ee6900000)]
  0x000002847ec87260 JavaThread "Signal Dispatcher" daemon [_thread_blocked, id=5988, stack(0x0000009ee6900000,0x0000009ee6a00000)]
  0x000002847ec87e20 JavaThread "Attach Listener" daemon [_thread_blocked, id=8952, stack(0x0000009ee6a00000,0x0000009ee6b00000)]
  0x000002847ec889e0 JavaThread "Service Thread" daemon [_thread_blocked, id=14296, stack(0x0000009ee6b00000,0x0000009ee6c00000)]
  0x000002847ec8b3b0 JavaThread "Monitor Deflation Thread" daemon [_thread_blocked, id=13512, stack(0x0000009ee6c00000,0x0000009ee6d00000)]
=>0x000002847ec8c150 JavaThread "C2 CompilerThread0" daemon [_thread_in_native, id=11836, stack(0x0000009ee6d00000,0x0000009ee6e00000)]
  0x000002847ec99120 JavaThread "C1 CompilerThread0" daemon [_thread_in_vm, id=15316, stack(0x0000009ee6e00000,0x0000009ee6f00000)]
  0x000002847ecb7620 JavaThread "Sweeper thread" daemon [_thread_blocked, id=1312, stack(0x0000009ee6f00000,0x0000009ee7000000)]
  0x00000284472c3df0 JavaThread "Common-Cleaner" daemon [_thread_blocked, id=4908, stack(0x0000009ee7000000,0x0000009ee7100000)]
  0x00000284473a08a0 JavaThread "Monitor Ctrl-Break" daemon [_thread_in_native, id=3208, stack(0x0000009ee7100000,0x0000009ee7200000)]
  0x00000284473ba6d0 JavaThread "Notification Thread" daemon [_thread_blocked, id=9628, stack(0x0000009ee7200000,0x0000009ee7300000)]
  0x00000284473f9430 JavaThread "C2 CompilerThread1" daemon [_thread_in_native, id=5000, stack(0x0000009ee7800000,0x0000009ee7900000)]
  0x000002844c8c15a0 JavaThread "Thread-1" daemon [_thread_blocked, id=14540, stack(0x0000009ee7900000,0x0000009ee7a00000)]

Other Threads:
  0x000002847ec6fff0 VMThread "VM Thread" [stack: 0x0000009ee6600000,0x0000009ee6700000] [id=3144]
  0x000002846b3fbee0 WatcherThread [stack: 0x0000009ee7300000,0x0000009ee7400000] [id=12452]
  0x000002846b45eae0 GCTaskThread "GC Thread#0" [stack: 0x0000009ee6100000,0x0000009ee6200000] [id=14240]
  0x0000028447b408e0 GCTaskThread "GC Thread#1" [stack: 0x0000009ee7400000,0x0000009ee7500000] [id=15112]
  0x0000028447c08e00 GCTaskThread "GC Thread#2" [stack: 0x0000009ee7500000,0x0000009ee7600000] [id=260]
  0x0000028447c38730 GCTaskThread "GC Thread#3" [stack: 0x0000009ee7600000,0x0000009ee7700000] [id=12868]
  0x000002846b46f7b0 ConcurrentGCThread "G1 Main Marker" [stack: 0x0000009ee6200000,0x0000009ee6300000] [id=7976]
  0x000002846b4701d0 ConcurrentGCThread "G1 Conc#0" [stack: 0x0000009ee6300000,0x0000009ee6400000] [id=8004]
  0x000002847eb310b0 ConcurrentGCThread "G1 Refine#0" [stack: 0x0000009ee6400000,0x0000009ee6500000] [id=8544]
  0x0000028447c090c0 ConcurrentGCThread "G1 Refine#1" [stack: 0x0000009ee7700000,0x0000009ee7800000] [id=3040]
  0x000002847eb31ae0 ConcurrentGCThread "G1 Service" [stack: 0x0000009ee6500000,0x0000009ee6600000] [id=8632]

Threads with active compile tasks:
C2 CompilerThread0     2334 2602       4       org.codehaus.plexus.util.xml.pull.MXParser::parseStartTag (1190 bytes)
C1 CompilerThread0     2334 2959       2       org.apache.maven.model.interpolation.StringVisitorModelInterpolator$ModelVisitor::visit (118 bytes)
C2 CompilerThread1     2334 2604       4       org.codehaus.plexus.util.xml.pull.MXParser::parseEndTag (429 bytes)

VM state: not at safepoint (normal execution)

VM Mutex/Monitor currently owned by a thread:  ([mutex/lock_event])
[0x000002846b3f6c30] CodeCache_lock - owner thread: 0x0000000000000000
[0x000002846b3f68d0] MethodCompileQueue_lock - owner thread: 0x0000000000000000

Heap address: 0x0000000081400000, size: 2028 MB, Compressed Oops mode: 32-bit

CDS archive(s) mapped at: [0x0000028406000000-0x0000028406c00000-0x0000028406c00000), size 12582912, SharedBaseAddress: 0x0000028406000000, ArchiveRelocationMode: 1.
Compressed class space mapped at: 0x0000028407000000-0x0000028447000000, reserved size: 1073741824
Narrow klass base: 0x0000028406000000, Narrow klass shift: 0, Narrow klass range: 0x100000000

GC Precious Log:
 CPUs: 4 total, 4 available
 Memory: 8107M
 Large Page Support: Disabled
 NUMA Support: Disabled
 Compressed Oops: Enabled (32-bit)
 Heap Region Size: 1M
 Heap Min Capacity: 8M
 Heap Initial Capacity: 128M
 Heap Max Capacity: 2028M
 Pre-touch: Disabled
 Parallel Workers: 4
 Concurrent Workers: 1
 Concurrent Refinement Workers: 4
 Periodic GC: Disabled

Heap:
 garbage-first heap   total 131072K, used 70624K [0x0000000081400000, 0x0000000100000000)
  region size 1024K, 67 young (68608K), 1 survivors (1024K)
 Metaspace       used 15732K, committed 15936K, reserved 1114112K
  class space    used 1955K, committed 2048K, reserved 1048576K

Heap Regions: E=young(eden), S=young(survivor), O=old, HS=humongous(starts), HC=humongous(continues), CS=collection set, F=free, OA=open archive, CA=closed archive, TAMS=top-at-mark-start (previous, next)
|   0|0x0000000081400000, 0x0000000081500000, 0x0000000081500000|100%| O|  |TAMS 0x0000000081400000, 0x0000000081400000| Untracked 
|   1|0x0000000081500000, 0x0000000081600000, 0x0000000081600000|100%| O|  |TAMS 0x0000000081500000, 0x0000000081500000| Untracked 
|   2|0x0000000081600000, 0x0000000081700000, 0x0000000081700000|100%| O|  |TAMS 0x0000000081600000, 0x0000000081600000| Untracked 
|   3|0x0000000081700000, 0x0000000081736000, 0x0000000081800000| 21%| O|  |TAMS 0x0000000081700000, 0x0000000081700000| Untracked 
|   4|0x0000000081800000, 0x0000000081800000, 0x0000000081900000|  0%| F|  |TAMS 0x0000000081800000, 0x0000000081800000| Untracked 
|   5|0x0000000081900000, 0x0000000081900000, 0x0000000081a00000|  0%| F|  |TAMS 0x0000000081900000, 0x0000000081900000| Untracked 
|   6|0x0000000081a00000, 0x0000000081a00000, 0x0000000081b00000|  0%| F|  |TAMS 0x0000000081a00000, 0x0000000081a00000| Untracked 
|   7|0x0000000081b00000, 0x0000000081b00000, 0x0000000081c00000|  0%| F|  |TAMS 0x0000000081b00000, 0x0000000081b00000| Untracked 
|   8|0x0000000081c00000, 0x0000000081c00000, 0x0000000081d00000|  0%| F|  |TAMS 0x0000000081c00000, 0x0000000081c00000| Untracked 
|   9|0x0000000081d00000, 0x0000000081d00000, 0x0000000081e00000|  0%| F|  |TAMS 0x0000000081d00000, 0x0000000081d00000| Untracked 
|  10|0x0000000081e00000, 0x0000000081e00000, 0x0000000081f00000|  0%| F|  |TAMS 0x0000000081e00000, 0x0000000081e00000| Untracked 
|  11|0x0000000081f00000, 0x0000000081f00000, 0x0000000082000000|  0%| F|  |TAMS 0x0000000081f00000, 0x0000000081f00000| Untracked 
|  12|0x0000000082000000, 0x0000000082000000, 0x0000000082100000|  0%| F|  |TAMS 0x0000000082000000, 0x0000000082000000| Untracked 
|  13|0x0000000082100000, 0x0000000082100000, 0x0000000082200000|  0%| F|  |TAMS 0x0000000082100000, 0x0000000082100000| Untracked 
|  14|0x0000000082200000, 0x0000000082200000, 0x0000000082300000|  0%| F|  |TAMS 0x0000000082200000, 0x0000000082200000| Untracked 
|  15|0x0000000082300000, 0x0000000082300000, 0x0000000082400000|  0%| F|  |TAMS 0x0000000082300000, 0x0000000082300000| Untracked 
|  16|0x0000000082400000, 0x0000000082400000, 0x0000000082500000|  0%| F|  |TAMS 0x0000000082400000, 0x0000000082400000| Untracked 
|  17|0x0000000082500000, 0x0000000082500000, 0x0000000082600000|  0%| F|  |TAMS 0x0000000082500000, 0x0000000082500000| Untracked 
|  18|0x0000000082600000, 0x0000000082600000, 0x0000000082700000|  0%| F|  |TAMS 0x0000000082600000, 0x0000000082600000| Untracked 
|  19|0x0000000082700000, 0x0000000082700000, 0x0000000082800000|  0%| F|  |TAMS 0x0000000082700000, 0x0000000082700000| Untracked 
|  20|0x0000000082800000, 0x0000000082800000, 0x0000000082900000|  0%| F|  |TAMS 0x0000000082800000, 0x0000000082800000| Untracked 
|  21|0x0000000082900000, 0x0000000082900000, 0x0000000082a00000|  0%| F|  |TAMS 0x0000000082900000, 0x0000000082900000| Untracked 
|  22|0x0000000082a00000, 0x0000000082a00000, 0x0000000082b00000|  0%| F|  |TAMS 0x0000000082a00000, 0x0000000082a00000| Untracked 
|  23|0x0000000082b00000, 0x0000000082b00000, 0x0000000082c00000|  0%| F|  |TAMS 0x0000000082b00000, 0x0000000082b00000| Untracked 
|  24|0x0000000082c00000, 0x0000000082c00000, 0x0000000082d00000|  0%| F|  |TAMS 0x0000000082c00000, 0x0000000082c00000| Untracked 
|  25|0x0000000082d00000, 0x0000000082d00000, 0x0000000082e00000|  0%| F|  |TAMS 0x0000000082d00000, 0x0000000082d00000| Untracked 
|  26|0x0000000082e00000, 0x0000000082e00000, 0x0000000082f00000|  0%| F|  |TAMS 0x0000000082e00000, 0x0000000082e00000| Untracked 
|  27|0x0000000082f00000, 0x0000000082f00000, 0x0000000083000000|  0%| F|  |TAMS 0x0000000082f00000, 0x0000000082f00000| Untracked 
|  28|0x0000000083000000, 0x0000000083000000, 0x0000000083100000|  0%| F|  |TAMS 0x0000000083000000, 0x0000000083000000| Untracked 
|  29|0x0000000083100000, 0x0000000083100000, 0x0000000083200000|  0%| F|  |TAMS 0x0000000083100000, 0x0000000083100000| Untracked 
|  30|0x0000000083200000, 0x0000000083200000, 0x0000000083300000|  0%| F|  |TAMS 0x0000000083200000, 0x0000000083200000| Untracked 
|  31|0x0000000083300000, 0x0000000083300000, 0x0000000083400000|  0%| F|  |TAMS 0x0000000083300000, 0x0000000083300000| Untracked 
|  32|0x0000000083400000, 0x0000000083400000, 0x0000000083500000|  0%| F|  |TAMS 0x0000000083400000, 0x0000000083400000| Untracked 
|  33|0x0000000083500000, 0x0000000083500000, 0x0000000083600000|  0%| F|  |TAMS 0x0000000083500000, 0x0000000083500000| Untracked 
|  34|0x0000000083600000, 0x0000000083600000, 0x0000000083700000|  0%| F|  |TAMS 0x0000000083600000, 0x0000000083600000| Untracked 
|  35|0x0000000083700000, 0x0000000083700000, 0x0000000083800000|  0%| F|  |TAMS 0x0000000083700000, 0x0000000083700000| Untracked 
|  36|0x0000000083800000, 0x0000000083800000, 0x0000000083900000|  0%| F|  |TAMS 0x0000000083800000, 0x0000000083800000| Untracked 
|  37|0x0000000083900000, 0x0000000083900000, 0x0000000083a00000|  0%| F|  |TAMS 0x0000000083900000, 0x0000000083900000| Untracked 
|  38|0x0000000083a00000, 0x0000000083a00000, 0x0000000083b00000|  0%| F|  |TAMS 0x0000000083a00000, 0x0000000083a00000| Untracked 
|  39|0x0000000083b00000, 0x0000000083b00000, 0x0000000083c00000|  0%| F|  |TAMS 0x0000000083b00000, 0x0000000083b00000| Untracked 
|  40|0x0000000083c00000, 0x0000000083c00000, 0x0000000083d00000|  0%| F|  |TAMS 0x0000000083c00000, 0x0000000083c00000| Untracked 
|  41|0x0000000083d00000, 0x0000000083d00000, 0x0000000083e00000|  0%| F|  |TAMS 0x0000000083d00000, 0x0000000083d00000| Untracked 
|  42|0x0000000083e00000, 0x0000000083e00000, 0x0000000083f00000|  0%| F|  |TAMS 0x0000000083e00000, 0x0000000083e00000| Untracked 
|  43|0x0000000083f00000, 0x0000000083f00000, 0x0000000084000000|  0%| F|  |TAMS 0x0000000083f00000, 0x0000000083f00000| Untracked 
|  44|0x0000000084000000, 0x0000000084000000, 0x0000000084100000|  0%| F|  |TAMS 0x0000000084000000, 0x0000000084000000| Untracked 
|  45|0x0000000084100000, 0x0000000084100000, 0x0000000084200000|  0%| F|  |TAMS 0x0000000084100000, 0x0000000084100000| Untracked 
|  46|0x0000000084200000, 0x0000000084200000, 0x0000000084300000|  0%| F|  |TAMS 0x0000000084200000, 0x0000000084200000| Untracked 
|  47|0x0000000084300000, 0x0000000084300000, 0x0000000084400000|  0%| F|  |TAMS 0x0000000084300000, 0x0000000084300000| Untracked 
|  48|0x0000000084400000, 0x0000000084400000, 0x0000000084500000|  0%| F|  |TAMS 0x0000000084400000, 0x0000000084400000| Untracked 
|  49|0x0000000084500000, 0x0000000084500000, 0x0000000084600000|  0%| F|  |TAMS 0x0000000084500000, 0x0000000084500000| Untracked 
|  50|0x0000000084600000, 0x0000000084600000, 0x0000000084700000|  0%| F|  |TAMS 0x0000000084600000, 0x0000000084600000| Untracked 
|  51|0x0000000084700000, 0x0000000084700000, 0x0000000084800000|  0%| F|  |TAMS 0x0000000084700000, 0x0000000084700000| Untracked 
|  52|0x0000000084800000, 0x0000000084800000, 0x0000000084900000|  0%| F|  |TAMS 0x0000000084800000, 0x0000000084800000| Untracked 
|  53|0x0000000084900000, 0x0000000084900000, 0x0000000084a00000|  0%| F|  |TAMS 0x0000000084900000, 0x0000000084900000| Untracked 
|  54|0x0000000084a00000, 0x0000000084a00000, 0x0000000084b00000|  0%| F|  |TAMS 0x0000000084a00000, 0x0000000084a00000| Untracked 
|  55|0x0000000084b00000, 0x0000000084b00000, 0x0000000084c00000|  0%| F|  |TAMS 0x0000000084b00000, 0x0000000084b00000| Untracked 
|  56|0x0000000084c00000, 0x0000000084c00000, 0x0000000084d00000|  0%| F|  |TAMS 0x0000000084c00000, 0x0000000084c00000| Untracked 
|  57|0x0000000084d00000, 0x0000000084d00000, 0x0000000084e00000|  0%| F|  |TAMS 0x0000000084d00000, 0x0000000084d00000| Untracked 
|  58|0x0000000084e00000, 0x0000000084e00000, 0x0000000084f00000|  0%| F|  |TAMS 0x0000000084e00000, 0x0000000084e00000| Untracked 
|  59|0x0000000084f00000, 0x0000000084f00000, 0x0000000085000000|  0%| F|  |TAMS 0x0000000084f00000, 0x0000000084f00000| Untracked 
|  60|0x0000000085000000, 0x0000000085000000, 0x0000000085100000|  0%| F|  |TAMS 0x0000000085000000, 0x0000000085000000| Untracked 
|  61|0x0000000085100000, 0x0000000085200000, 0x0000000085200000|100%| E|  |TAMS 0x0000000085100000, 0x0000000085100000| Complete 
|  62|0x0000000085200000, 0x0000000085300000, 0x0000000085300000|100%| E|CS|TAMS 0x0000000085200000, 0x0000000085200000| Complete 
|  63|0x0000000085300000, 0x0000000085400000, 0x0000000085400000|100%| E|CS|TAMS 0x0000000085300000, 0x0000000085300000| Complete 
|  64|0x0000000085400000, 0x0000000085500000, 0x0000000085500000|100%| E|CS|TAMS 0x0000000085400000, 0x0000000085400000| Complete 
|  65|0x0000000085500000, 0x0000000085600000, 0x0000000085600000|100%| E|CS|TAMS 0x0000000085500000, 0x0000000085500000| Complete 
|  66|0x0000000085600000, 0x0000000085700000, 0x0000000085700000|100%| E|CS|TAMS 0x0000000085600000, 0x0000000085600000| Complete 
|  67|0x0000000085700000, 0x0000000085800000, 0x0000000085800000|100%| E|CS|TAMS 0x0000000085700000, 0x0000000085700000| Complete 
|  68|0x0000000085800000, 0x0000000085900000, 0x0000000085900000|100%| E|CS|TAMS 0x0000000085800000, 0x0000000085800000| Complete 
|  69|0x0000000085900000, 0x0000000085a00000, 0x0000000085a00000|100%| E|CS|TAMS 0x0000000085900000, 0x0000000085900000| Complete 
|  70|0x0000000085a00000, 0x0000000085b00000, 0x0000000085b00000|100%| E|CS|TAMS 0x0000000085a00000, 0x0000000085a00000| Complete 
|  71|0x0000000085b00000, 0x0000000085c00000, 0x0000000085c00000|100%| E|CS|TAMS 0x0000000085b00000, 0x0000000085b00000| Complete 
|  72|0x0000000085c00000, 0x0000000085d00000, 0x0000000085d00000|100%| E|CS|TAMS 0x0000000085c00000, 0x0000000085c00000| Complete 
|  73|0x0000000085d00000, 0x0000000085e00000, 0x0000000085e00000|100%| E|CS|TAMS 0x0000000085d00000, 0x0000000085d00000| Complete 
|  74|0x0000000085e00000, 0x0000000085f00000, 0x0000000085f00000|100%| E|CS|TAMS 0x0000000085e00000, 0x0000000085e00000| Complete 
|  75|0x0000000085f00000, 0x0000000086000000, 0x0000000086000000|100%| E|CS|TAMS 0x0000000085f00000, 0x0000000085f00000| Complete 
|  76|0x0000000086000000, 0x0000000086100000, 0x0000000086100000|100%| E|CS|TAMS 0x0000000086000000, 0x0000000086000000| Complete 
|  77|0x0000000086100000, 0x0000000086200000, 0x0000000086200000|100%| E|CS|TAMS 0x0000000086100000, 0x0000000086100000| Complete 
|  78|0x0000000086200000, 0x0000000086300000, 0x0000000086300000|100%| E|CS|TAMS 0x0000000086200000, 0x0000000086200000| Complete 
|  79|0x0000000086300000, 0x0000000086400000, 0x0000000086400000|100%| E|CS|TAMS 0x0000000086300000, 0x0000000086300000| Complete 
|  80|0x0000000086400000, 0x0000000086500000, 0x0000000086500000|100%| E|CS|TAMS 0x0000000086400000, 0x0000000086400000| Complete 
|  81|0x0000000086500000, 0x0000000086600000, 0x0000000086600000|100%| E|CS|TAMS 0x0000000086500000, 0x0000000086500000| Complete 
|  82|0x0000000086600000, 0x0000000086700000, 0x0000000086700000|100%| E|CS|TAMS 0x0000000086600000, 0x0000000086600000| Complete 
|  83|0x0000000086700000, 0x0000000086800000, 0x0000000086800000|100%| E|CS|TAMS 0x0000000086700000, 0x0000000086700000| Complete 
|  84|0x0000000086800000, 0x0000000086900000, 0x0000000086900000|100%| E|CS|TAMS 0x0000000086800000, 0x0000000086800000| Complete 
|  85|0x0000000086900000, 0x0000000086a00000, 0x0000000086a00000|100%| E|CS|TAMS 0x0000000086900000, 0x0000000086900000| Complete 
|  86|0x0000000086a00000, 0x0000000086b00000, 0x0000000086b00000|100%| E|CS|TAMS 0x0000000086a00000, 0x0000000086a00000| Complete 
|  87|0x0000000086b00000, 0x0000000086c00000, 0x0000000086c00000|100%| E|CS|TAMS 0x0000000086b00000, 0x0000000086b00000| Complete 
|  88|0x0000000086c00000, 0x0000000086d00000, 0x0000000086d00000|100%| E|CS|TAMS 0x0000000086c00000, 0x0000000086c00000| Complete 
|  89|0x0000000086d00000, 0x0000000086e00000, 0x0000000086e00000|100%| E|CS|TAMS 0x0000000086d00000, 0x0000000086d00000| Complete 
|  90|0x0000000086e00000, 0x0000000086f00000, 0x0000000086f00000|100%| E|CS|TAMS 0x0000000086e00000, 0x0000000086e00000| Complete 
|  91|0x0000000086f00000, 0x0000000087000000, 0x0000000087000000|100%| E|CS|TAMS 0x0000000086f00000, 0x0000000086f00000| Complete 
|  92|0x0000000087000000, 0x0000000087100000, 0x0000000087100000|100%| E|CS|TAMS 0x0000000087000000, 0x0000000087000000| Complete 
|  93|0x0000000087100000, 0x0000000087200000, 0x0000000087200000|100%| E|CS|TAMS 0x0000000087100000, 0x0000000087100000| Complete 
|  94|0x0000000087200000, 0x0000000087300000, 0x0000000087300000|100%| E|CS|TAMS 0x0000000087200000, 0x0000000087200000| Complete 
|  95|0x0000000087300000, 0x0000000087400000, 0x0000000087400000|100%| E|CS|TAMS 0x0000000087300000, 0x0000000087300000| Complete 
|  96|0x0000000087400000, 0x0000000087500000, 0x0000000087500000|100%| E|CS|TAMS 0x0000000087400000, 0x0000000087400000| Complete 
|  97|0x0000000087500000, 0x0000000087600000, 0x0000000087600000|100%| E|CS|TAMS 0x0000000087500000, 0x0000000087500000| Complete 
|  98|0x0000000087600000, 0x0000000087700000, 0x0000000087700000|100%| E|CS|TAMS 0x0000000087600000, 0x0000000087600000| Complete 
|  99|0x0000000087700000, 0x0000000087800000, 0x0000000087800000|100%| E|CS|TAMS 0x0000000087700000, 0x0000000087700000| Complete 
| 100|0x0000000087800000, 0x0000000087900000, 0x0000000087900000|100%| E|CS|TAMS 0x0000000087800000, 0x0000000087800000| Complete 
| 101|0x0000000087900000, 0x0000000087a00000, 0x0000000087a00000|100%| E|CS|TAMS 0x0000000087900000, 0x0000000087900000| Complete 
| 102|0x0000000087a00000, 0x0000000087b00000, 0x0000000087b00000|100%| E|CS|TAMS 0x0000000087a00000, 0x0000000087a00000| Complete 
| 103|0x0000000087b00000, 0x0000000087c00000, 0x0000000087c00000|100%| E|CS|TAMS 0x0000000087b00000, 0x0000000087b00000| Complete 
| 104|0x0000000087c00000, 0x0000000087d00000, 0x0000000087d00000|100%| E|CS|TAMS 0x0000000087c00000, 0x0000000087c00000| Complete 
| 105|0x0000000087d00000, 0x0000000087e00000, 0x0000000087e00000|100%| E|CS|TAMS 0x0000000087d00000, 0x0000000087d00000| Complete 
| 106|0x0000000087e00000, 0x0000000087f00000, 0x0000000087f00000|100%| E|CS|TAMS 0x0000000087e00000, 0x0000000087e00000| Complete 
| 107|0x0000000087f00000, 0x0000000088000000, 0x0000000088000000|100%| E|CS|TAMS 0x0000000087f00000, 0x0000000087f00000| Complete 
| 108|0x0000000088000000, 0x0000000088100000, 0x0000000088100000|100%| E|CS|TAMS 0x0000000088000000, 0x0000000088000000| Complete 
| 109|0x0000000088100000, 0x0000000088200000, 0x0000000088200000|100%| E|CS|TAMS 0x0000000088100000, 0x0000000088100000| Complete 
| 110|0x0000000088200000, 0x0000000088300000, 0x0000000088300000|100%| E|CS|TAMS 0x0000000088200000, 0x0000000088200000| Complete 
| 111|0x0000000088300000, 0x00000000883c2350, 0x0000000088400000| 75%| S|CS|TAMS 0x0000000088300000, 0x0000000088300000| Complete 
| 112|0x0000000088400000, 0x0000000088500000, 0x0000000088500000|100%| E|CS|TAMS 0x0000000088400000, 0x0000000088400000| Complete 
| 113|0x0000000088500000, 0x0000000088600000, 0x0000000088600000|100%| E|CS|TAMS 0x0000000088500000, 0x0000000088500000| Complete 
| 114|0x0000000088600000, 0x0000000088700000, 0x0000000088700000|100%| E|CS|TAMS 0x0000000088600000, 0x0000000088600000| Complete 
| 115|0x0000000088700000, 0x0000000088800000, 0x0000000088800000|100%| E|CS|TAMS 0x0000000088700000, 0x0000000088700000| Complete 
| 116|0x0000000088800000, 0x0000000088900000, 0x0000000088900000|100%| E|CS|TAMS 0x0000000088800000, 0x0000000088800000| Complete 
| 117|0x0000000088900000, 0x0000000088a00000, 0x0000000088a00000|100%| E|CS|TAMS 0x0000000088900000, 0x0000000088900000| Complete 
| 118|0x0000000088a00000, 0x0000000088b00000, 0x0000000088b00000|100%| E|CS|TAMS 0x0000000088a00000, 0x0000000088a00000| Complete 
| 119|0x0000000088b00000, 0x0000000088c00000, 0x0000000088c00000|100%| E|CS|TAMS 0x0000000088b00000, 0x0000000088b00000| Complete 
| 120|0x0000000088c00000, 0x0000000088d00000, 0x0000000088d00000|100%| E|CS|TAMS 0x0000000088c00000, 0x0000000088c00000| Complete 
| 121|0x0000000088d00000, 0x0000000088e00000, 0x0000000088e00000|100%| E|CS|TAMS 0x0000000088d00000, 0x0000000088d00000| Complete 
| 122|0x0000000088e00000, 0x0000000088f00000, 0x0000000088f00000|100%| E|CS|TAMS 0x0000000088e00000, 0x0000000088e00000| Complete 
| 123|0x0000000088f00000, 0x0000000089000000, 0x0000000089000000|100%| E|CS|TAMS 0x0000000088f00000, 0x0000000088f00000| Complete 
| 124|0x0000000089000000, 0x0000000089100000, 0x0000000089100000|100%| E|CS|TAMS 0x0000000089000000, 0x0000000089000000| Complete 
| 125|0x0000000089100000, 0x0000000089200000, 0x0000000089200000|100%| E|CS|TAMS 0x0000000089100000, 0x0000000089100000| Complete 
| 126|0x0000000089200000, 0x0000000089300000, 0x0000000089300000|100%| E|CS|TAMS 0x0000000089200000, 0x0000000089200000| Complete 
| 127|0x0000000089300000, 0x0000000089400000, 0x0000000089400000|100%| E|CS|TAMS 0x0000000089300000, 0x0000000089300000| Complete 

Card table byte_map: [0x000002847dfe0000,0x000002847e3e0000] _byte_map_base: 0x000002847dbd6000

Marking Bits (Prev, Next): (CMBitMap*) 0x000002846b45f100, (CMBitMap*) 0x000002846b45f140
 Prev Bits: [0x0000028400000000, 0x0000028401fb0000)
 Next Bits: [0x0000028401fb0000, 0x0000028403f60000)

Polling page: 0x00000284693b0000

Metaspace:

Usage:
  Non-class:     13.46 MB used.
      Class:      1.91 MB used.
       Both:     15.37 MB used.

Virtual space:
  Non-class space:       64.00 MB reserved,      13.56 MB ( 21%) committed,  1 nodes.
      Class space:        1.00 GB reserved,       2.00 MB ( <1%) committed,  1 nodes.
             Both:        1.06 GB reserved,      15.56 MB (  1%) committed. 

Chunk freelists:
   Non-Class:  2.08 MB
       Class:  13.89 MB
        Both:  15.97 MB

MaxMetaspaceSize: unlimited
CompressedClassSpaceSize: 1.00 GB
Initial GC threshold: 21.00 MB
Current GC threshold: 21.00 MB
CDS: on
MetaspaceReclaimPolicy: balanced
 - commit_granule_bytes: 65536.
 - commit_granule_words: 8192.
 - virtual_space_node_default_size: 8388608.
 - enlarge_chunks_in_place: 1.
 - new_chunks_are_fully_committed: 0.
 - uncommit_free_chunks: 1.
 - use_allocation_guard: 0.
 - handle_deallocations: 1.


Internal statistics:

num_allocs_failed_limit: 0.
num_arena_births: 90.
num_arena_deaths: 0.
num_vsnodes_births: 2.
num_vsnodes_deaths: 0.
num_space_committed: 249.
num_space_uncommitted: 0.
num_chunks_returned_to_freelist: 0.
num_chunks_taken_from_freelist: 639.
num_chunk_merges: 0.
num_chunk_splits: 432.
num_chunks_enlarged: 339.
num_inconsistent_stats: 0.

CodeHeap 'non-profiled nmethods': size=120000Kb used=1124Kb max_used=1124Kb free=118875Kb
 bounds [0x00000284766b0000, 0x0000028476920000, 0x000002847dbe0000]
CodeHeap 'profiled nmethods': size=120000Kb used=5985Kb max_used=5985Kb free=114014Kb
 bounds [0x000002846ebe0000, 0x000002846f1c0000, 0x0000028476110000]
CodeHeap 'non-nmethods': size=5760Kb used=1179Kb max_used=1227Kb free=4580Kb
 bounds [0x0000028476110000, 0x0000028476380000, 0x00000284766b0000]
 total_blobs=3419 nmethods=2949 adapters=382
 compilation: enabled
              stopped_count=0, restarted_count=0
 full_count=0

Compilation events (20 events):
Event: 2.178 Thread 0x000002847ec99120 nmethod 2709 0x00000284767bf390 code [0x00000284767bf520, 0x00000284767bf5f8]
Event: 2.178 Thread 0x000002847ec99120 2711   !   3       com.google.inject.internal.FactoryProxy::get (29 bytes)
Event: 2.178 Thread 0x000002847ec99120 nmethod 2711 0x000002846f130110 code [0x000002846f1302c0, 0x000002846f130598]
Event: 2.178 Thread 0x000002847ec99120 2712       1       java.lang.reflect.AccessibleObject::isAccessible (5 bytes)
Event: 2.178 Thread 0x000002847ec99120 nmethod 2712 0x00000284767bf690 code [0x00000284767bf820, 0x00000284767bf8f8]
Event: 2.178 Thread 0x000002847ec99120 2710       1       com.google.inject.internal.ConstructionContext::setCurrentReference (6 bytes)
Event: 2.178 Thread 0x000002847ec99120 nmethod 2710 0x00000284767bf990 code [0x00000284767bfb20, 0x00000284767bfc38]
Event: 2.179 Thread 0x000002847ec99120 2713       3       org.eclipse.sisu.plexus.RealmFilteredBeans$FilteredItr::hasNext (85 bytes)
Event: 2.180 Thread 0x000002847ec99120 nmethod 2713 0x000002846f130710 code [0x000002846f130980, 0x000002846f1316e8]
Event: 2.183 Thread 0x000002847ec99120 2714       3       java.util.regex.Pattern$$Lambda$18/0x800000028::is (9 bytes)
Event: 2.183 Thread 0x000002847ec99120 nmethod 2714 0x000002846f131a90 code [0x000002846f131c20, 0x000002846f131df8]
Event: 2.183 Thread 0x000002847ec99120 2715       3       java.util.regex.Pattern::lambda$Single$7 (11 bytes)
Event: 2.183 Thread 0x000002847ec99120 nmethod 2715 0x000002846f131e90 code [0x000002846f132020, 0x000002846f132178]
Event: 2.183 Thread 0x000002847ec99120 2716       3       org.eclipse.sisu.inject.RankedSequence::safeBinarySearch (77 bytes)
Event: 2.184 Thread 0x000002847ec99120 nmethod 2716 0x000002846f132210 code [0x000002846f1323c0, 0x000002846f132718]
Event: 2.189 Thread 0x000002847ec99120 2718       3       java.lang.reflect.Modifier::isPrivate (12 bytes)
Event: 2.189 Thread 0x000002847ec99120 nmethod 2718 0x000002846f132890 code [0x000002846f132a20, 0x000002846f132b78]
Event: 2.189 Thread 0x000002847ec99120 2719       3       org.eclipse.sisu.bean.LifecycleBuilder::addLifecycleMethods (140 bytes)
Event: 2.190 Thread 0x000002847ec99120 nmethod 2719 0x000002846f132c10 code [0x000002846f132e60, 0x000002846f133648]
Event: 2.190 Thread 0x000002847ec99120 2720       3       org.codehaus.plexus.util.xml.pull.MXParser::nextImpl (1203 bytes)

GC Heap History (4 events):
Event: 0.580 GC heap before
{Heap before GC invocations=0 (full 0):
 garbage-first heap   total 131072K, used 12288K [0x0000000081400000, 0x0000000100000000)
  region size 1024K, 13 young (13312K), 0 survivors (0K)
 Metaspace       used 3742K, committed 3840K, reserved 1114112K
  class space    used 413K, committed 448K, reserved 1048576K
}
Event: 0.584 GC heap after
{Heap after GC invocations=1 (full 0):
 garbage-first heap   total 131072K, used 3211K [0x0000000081400000, 0x0000000100000000)
  region size 1024K, 2 young (2048K), 2 survivors (2048K)
 Metaspace       used 3742K, committed 3840K, reserved 1114112K
  class space    used 413K, committed 448K, reserved 1048576K
}
Event: 0.855 GC heap before
{Heap before GC invocations=1 (full 0):
 garbage-first heap   total 131072K, used 17547K [0x0000000081400000, 0x0000000100000000)
  region size 1024K, 16 young (16384K), 2 survivors (2048K)
 Metaspace       used 6153K, committed 6400K, reserved 1114112K
  class space    used 765K, committed 896K, reserved 1048576K
}
Event: 0.858 GC heap after
{Heap after GC invocations=2 (full 0):
 garbage-first heap   total 131072K, used 4064K [0x0000000081400000, 0x0000000100000000)
  region size 1024K, 1 young (1024K), 1 survivors (1024K)
 Metaspace       used 6153K, committed 6400K, reserved 1114112K
  class space    used 765K, committed 896K, reserved 1048576K
}

Dll operation events (4 events):
Event: 0.014 Loaded shared library C:\Users\hp\.jdks\jbr-17.0.12\bin\java.dll
Event: 0.036 Loaded shared library C:\Users\hp\.jdks\jbr-17.0.12\bin\jsvml.dll
Event: 0.105 Loaded shared library C:\Users\hp\.jdks\jbr-17.0.12\bin\zip.dll
Event: 0.335 Loaded shared library C:\Users\hp\.jdks\jbr-17.0.12\bin\verify.dll

Deoptimization events (20 events):
Event: 2.143 Thread 0x000002846b3faf20 Uncommon trap: trap_request=0xffffffc6 fr.pc=0x0000028476728e28 relative=0x0000000000000368
Event: 2.143 Thread 0x000002846b3faf20 Uncommon trap: reason=bimorphic_or_optimized_type_check action=maybe_recompile pc=0x0000028476728e28 method=java.nio.Buffer.<init>(IIIILjdk/internal/access/foreign/MemorySegmentProxy;)V @ 39 c2
Event: 2.143 Thread 0x000002846b3faf20 DEOPT PACKING pc=0x0000028476728e28 sp=0x0000009ee60fc5b0
Event: 2.144 Thread 0x000002846b3faf20 DEOPT UNPACKING pc=0x00000284761669a3 sp=0x0000009ee60fc558 mode 2
Event: 2.158 Thread 0x000002846b3faf20 Uncommon trap: trap_request=0xffffff45 fr.pc=0x0000028476774ff8 relative=0x00000000000002d8
Event: 2.158 Thread 0x000002846b3faf20 Uncommon trap: reason=unstable_if action=reinterpret pc=0x0000028476774ff8 method=java.lang.String.indexOf([BBILjava/lang/String;I)I @ 21 c2
Event: 2.158 Thread 0x000002846b3faf20 DEOPT PACKING pc=0x0000028476774ff8 sp=0x0000009ee60fd7f0
Event: 2.158 Thread 0x000002846b3faf20 DEOPT UNPACKING pc=0x00000284761669a3 sp=0x0000009ee60fd700 mode 2
Event: 2.158 Thread 0x000002846b3faf20 Uncommon trap: trap_request=0xffffff45 fr.pc=0x00000284767744b4 relative=0x0000000000000294
Event: 2.158 Thread 0x000002846b3faf20 Uncommon trap: reason=unstable_if action=reinterpret pc=0x00000284767744b4 method=java.lang.String.indexOf([BBILjava/lang/String;I)I @ 21 c2
Event: 2.158 Thread 0x000002846b3faf20 DEOPT PACKING pc=0x00000284767744b4 sp=0x0000009ee60fd770
Event: 2.158 Thread 0x000002846b3faf20 DEOPT UNPACKING pc=0x00000284761669a3 sp=0x0000009ee60fd700 mode 2
Event: 2.186 Thread 0x000002846b3faf20 Uncommon trap: trap_request=0xffffff45 fr.pc=0x0000028476720350 relative=0x0000000000000a50
Event: 2.186 Thread 0x000002846b3faf20 Uncommon trap: reason=unstable_if action=reinterpret pc=0x0000028476720350 method=org.codehaus.plexus.util.xml.pull.MXParser.nextImpl()I @ 241 c2
Event: 2.186 Thread 0x000002846b3faf20 DEOPT PACKING pc=0x0000028476720350 sp=0x0000009ee60fc950
Event: 2.186 Thread 0x000002846b3faf20 DEOPT UNPACKING pc=0x00000284761669a3 sp=0x0000009ee60fc8e0 mode 2
Event: 2.191 Thread 0x000002846b3faf20 Uncommon trap: trap_request=0xffffff45 fr.pc=0x00000284766e41c4 relative=0x0000000000000224
Event: 2.191 Thread 0x000002846b3faf20 Uncommon trap: reason=unstable_if action=reinterpret pc=0x00000284766e41c4 method=java.util.StringTokenizer.scanToken(I)I @ 42 c2
Event: 2.191 Thread 0x000002846b3faf20 DEOPT PACKING pc=0x00000284766e41c4 sp=0x0000009ee60fdaf0
Event: 2.191 Thread 0x000002846b3faf20 DEOPT UNPACKING pc=0x00000284761669a3 sp=0x0000009ee60fda90 mode 2

Classes loaded (20 events):
Event: 2.089 Loading class sun/nio/ch/FileKey
Event: 2.089 Loading class sun/nio/ch/FileKey done
Event: 2.089 Loading class sun/nio/ch/FileLockTable$FileLockReference
Event: 2.089 Loading class sun/nio/ch/FileLockTable$FileLockReference done
Event: 2.089 Loading class java/nio/channels/spi/AbstractInterruptibleChannel$1
Event: 2.089 Loading class sun/nio/ch/Interruptible
Event: 2.089 Loading class sun/nio/ch/Interruptible done
Event: 2.089 Loading class java/nio/channels/spi/AbstractInterruptibleChannel$1 done
Event: 2.090 Loading class java/util/AbstractMap$2
Event: 2.090 Loading class java/util/AbstractMap$2 done
Event: 2.090 Loading class java/util/AbstractMap$2$1
Event: 2.090 Loading class java/util/AbstractMap$2$1 done
Event: 2.142 Loading class sun/util/resources/LocaleData$CommonResourceBundleProvider
Event: 2.142 Loading class sun/util/resources/LocaleData$LocaleDataResourceBundleProvider
Event: 2.142 Loading class java/util/spi/ResourceBundleProvider
Event: 2.142 Loading class java/util/spi/ResourceBundleProvider done
Event: 2.142 Loading class sun/util/resources/LocaleData$LocaleDataResourceBundleProvider done
Event: 2.142 Loading class sun/util/resources/LocaleData$CommonResourceBundleProvider done
Event: 2.143 Loading class sun/util/resources/Bundles$2
Event: 2.143 Loading class sun/util/resources/Bundles$2 done

Classes unloaded (0 events):
No events

Classes redefined (0 events):
No events

Internal exceptions (20 events):
Event: 0.619 Thread 0x000002846b3faf20 Exception <a 'java/lang/NoSuchMethodError'{0x00000000892126e8}: 'void java.lang.invoke.DirectMethodHandle$Holder.invokeSpecial(java.lang.Object, java.lang.Object, java.lang.Object)'> (0x00000000892126e8) 
thrown [s\src\hotspot\share\interpreter\linkResolver.cpp, line 771]
Event: 0.661 Thread 0x000002846b3faf20 Exception <a 'java/lang/NoSuchMethodError'{0x00000000891a9508}: 'java.lang.Object java.lang.invoke.DirectMethodHandle$Holder.invokeInterface(java.lang.Object, java.lang.Object)'> (0x00000000891a9508) 
thrown [s\src\hotspot\share\interpreter\linkResolver.cpp, line 771]
Event: 0.680 Thread 0x000002846b3faf20 Exception <a 'java/lang/NoSuchMethodError'{0x000000008905b6f0}: 'java.lang.Object java.lang.invoke.Invokers$Holder.invokeExact_MT(java.lang.Object, java.lang.Object, java.lang.Object, java.lang.Object, java.lang.Object, java.lang.Object)'> (0x000000008905b6f0) 
thrown [s\src\hotspot\share\interpreter\linkResolver.cpp, line 771]
Event: 0.684 Thread 0x000002846b3faf20 Exception <a 'java/lang/NoSuchMethodError'{0x000000008906cbe0}: 'int java.lang.invoke.DirectMethodHandle$Holder.invokeSpecialIFC(java.lang.Object, java.lang.Object, java.lang.Object, java.lang.Object, java.lang.Object)'> (0x000000008906cbe0) 
thrown [s\src\hotspot\share\interpreter\linkResolver.cpp, line 771]
Event: 0.728 Thread 0x000002846b3faf20 Exception <a 'java/lang/NoSuchMethodError'{0x0000000088e28898}: 'java.lang.Object java.lang.invoke.DirectMethodHandle$Holder.newInvokeSpecial(java.lang.Object, java.lang.Object, java.lang.Object, java.lang.Object, java.lang.Object)'> (0x0000000088e28898) 
thrown [s\src\hotspot\share\interpreter\linkResolver.cpp, line 771]
Event: 0.751 Thread 0x000002846b3faf20 Exception <a 'java/lang/NoSuchMethodError'{0x0000000088d38630}: 'int java.lang.invoke.DirectMethodHandle$Holder.invokeStaticInit(java.lang.Object, java.lang.Object)'> (0x0000000088d38630) 
thrown [s\src\hotspot\share\interpreter\linkResolver.cpp, line 771]
Event: 0.759 Thread 0x000002846b3faf20 Exception <a 'java/lang/NoClassDefFoundError'{0x0000000088d74268}: javax/enterprise/inject/Typed> (0x0000000088d74268) 
thrown [s\src\hotspot\share\classfile\systemDictionary.cpp, line 245]
Event: 1.595 Thread 0x000002846b3faf20 Exception <a 'java/lang/NoSuchMethodError'{0x00000000872c9ce0}: 'void java.lang.invoke.DirectMethodHandle$Holder.invokeStaticInit(java.lang.Object, java.lang.Object, java.lang.Object)'> (0x00000000872c9ce0) 
thrown [s\src\hotspot\share\interpreter\linkResolver.cpp, line 771]
Event: 1.603 Thread 0x000002846b3faf20 Exception <a 'java/lang/ExceptionInInitializerError'{0x00000000872f6510}> (0x00000000872f6510) 
thrown [s\src\hotspot\share\oops\instanceKlass.cpp, line 1233]
Event: 1.631 Thread 0x000002846b3faf20 Implicit null exception at 0x000002847672e72f to 0x000002847672e88c
Event: 1.632 Thread 0x000002846b3faf20 Exception <a 'java/lang/NoSuchMethodError'{0x0000000087010718}: 'java.lang.Object java.lang.invoke.Invokers$Holder.invokeExact_MT(java.lang.Object, int, java.lang.Object)'> (0x0000000087010718) 
thrown [s\src\hotspot\share\interpreter\linkResolver.cpp, line 771]
Event: 1.644 Thread 0x000002846b3faf20 Exception <a 'java/lang/NoSuchMethodError'{0x00000000870792f0}: 'int java.lang.invoke.DirectMethodHandle$Holder.invokeSpecial(java.lang.Object, java.lang.Object, java.lang.Object, java.lang.Object)'> (0x00000000870792f0) 
thrown [s\src\hotspot\share\interpreter\linkResolver.cpp, line 771]
Event: 1.877 Thread 0x000002846b3faf20 Exception <a 'java/lang/NoClassDefFoundError'{0x00000000868eae28}: com/google/inject/servlet/ServletModuleTargetVisitor> (0x00000000868eae28) 
thrown [s\src\hotspot\share\classfile\systemDictionary.cpp, line 245]
Event: 1.934 Thread 0x000002846b3faf20 Exception <a 'java/lang/NoSuchMethodError'{0x0000000086574488}: 'void java.lang.invoke.DirectMethodHandle$Holder.invokeVirtual(java.lang.Object, java.lang.Object)'> (0x0000000086574488) 
thrown [s\src\hotspot\share\interpreter\linkResolver.cpp, line 771]
Event: 1.952 Thread 0x000002846b3faf20 Exception <a 'java/lang/NoSuchMethodError'{0x00000000865fc0f0}: 'java.lang.Object java.lang.invoke.DirectMethodHandle$Holder.invokeStaticInit(java.lang.Object, int, int, int, int)'> (0x00000000865fc0f0) 
thrown [s\src\hotspot\share\interpreter\linkResolver.cpp, line 771]
Event: 2.067 Thread 0x000002846b3faf20 Implicit null exception at 0x00000284766ee0f2 to 0x00000284766ee70c
Event: 2.067 Thread 0x000002846b3faf20 Implicit null exception at 0x00000284766d9ff2 to 0x00000284766da62c
Event: 2.103 Thread 0x000002846b3faf20 Exception <a 'java/lang/NoSuchMethodError'{0x0000000085ec4978}: 'void java.lang.invoke.DirectMethodHandle$Holder.invokeSpecial(java.lang.Object, java.lang.Object, java.lang.Object, java.lang.Object, java.lang.Object)'> (0x0000000085ec4978) 
thrown [s\src\hotspot\share\interpreter\linkResolver.cpp, line 771]
Event: 2.105 Thread 0x000002846b3faf20 Exception <a 'java/lang/NoSuchMethodError'{0x0000000085edda78}: 'void java.lang.invoke.DirectMethodHandle$Holder.invokeSpecial(java.lang.Object, java.lang.Object, java.lang.Object, java.lang.Object, java.lang.Object, java.lang.Object)'> (0x0000000085edda78) 
thrown [s\src\hotspot\share\interpreter\linkResolver.cpp, line 771]
Event: 2.123 Thread 0x000002846b3faf20 Exception <a 'java/lang/NoSuchMethodError'{0x0000000085dd8730}: 'java.lang.Object java.lang.invoke.DirectMethodHandle$Holder.invokeVirtual(java.lang.Object, java.lang.Object, java.lang.Object)'> (0x0000000085dd8730) 
thrown [s\src\hotspot\share\interpreter\linkResolver.cpp, line 771]

VM Operations (20 events):
Event: 1.668 Executing VM operation: HandshakeAllThreads
Event: 1.668 Executing VM operation: HandshakeAllThreads done
Event: 1.670 Executing VM operation: HandshakeAllThreads
Event: 1.670 Executing VM operation: HandshakeAllThreads done
Event: 1.713 Executing VM operation: HandshakeAllThreads
Event: 1.713 Executing VM operation: HandshakeAllThreads done
Event: 1.734 Executing VM operation: ICBufferFull
Event: 1.734 Executing VM operation: ICBufferFull done
Event: 1.860 Executing VM operation: HandshakeAllThreads
Event: 1.860 Executing VM operation: HandshakeAllThreads done
Event: 1.943 Executing VM operation: HandshakeAllThreads
Event: 1.943 Executing VM operation: HandshakeAllThreads done
Event: 1.969 Executing VM operation: HandshakeAllThreads
Event: 1.969 Executing VM operation: HandshakeAllThreads done
Event: 2.045 Executing VM operation: HandshakeAllThreads
Event: 2.045 Executing VM operation: HandshakeAllThreads done
Event: 2.046 Executing VM operation: HandshakeAllThreads
Event: 2.046 Executing VM operation: HandshakeAllThreads done
Event: 2.164 Executing VM operation: ICBufferFull
Event: 2.164 Executing VM operation: ICBufferFull done

Events (20 events):
Event: 0.049 Thread 0x000002847ec889e0 Thread added: 0x000002847ec889e0
Event: 0.049 Thread 0x000002847ec8b3b0 Thread added: 0x000002847ec8b3b0
Event: 0.049 Thread 0x000002847ec8c150 Thread added: 0x000002847ec8c150
Event: 0.049 Thread 0x000002847ec99120 Thread added: 0x000002847ec99120
Event: 0.050 Thread 0x000002847ecb7620 Thread added: 0x000002847ecb7620
Event: 0.079 Thread 0x00000284472c3df0 Thread added: 0x00000284472c3df0
Event: 0.110 Loaded shared library C:\Users\hp\.jdks\jbr-17.0.12\bin\instrument.dll
Event: 0.115 Loaded shared library C:\Users\hp\.jdks\jbr-17.0.12\bin\net.dll
Event: 0.116 Loaded shared library C:\Users\hp\.jdks\jbr-17.0.12\bin\nio.dll
Event: 0.119 Loaded shared library C:\Users\hp\.jdks\jbr-17.0.12\bin\zip.dll
Event: 0.126 Loaded shared library C:\Program Files\JetBrains\IntelliJ IDEA 2024.3.1.1\bin\breakgen64.dll
Event: 0.127 Thread 0x00000284473a08a0 Thread added: 0x00000284473a08a0
Event: 0.127 Thread 0x00000284473ba6d0 Thread added: 0x00000284473ba6d0
Event: 0.137 Loaded shared library C:\Users\hp\.jdks\jbr-17.0.12\bin\extnet.dll
Event: 0.238 Thread 0x00000284474c3d10 Thread added: 0x00000284474c3d10
Event: 0.240 Loaded shared library C:\Users\hp\.jdks\jbr-17.0.12\bin\jimage.dll
Event: 0.247 Thread 0x00000284474c3d10 Thread exited: 0x00000284474c3d10
Event: 0.314 Loaded shared library C:\Users\hp\AppData\Local\Temp\jansi-2.4.1-59460a1d8eb4059d-jansi.dll
Event: 0.628 Thread 0x00000284473f9430 Thread added: 0x00000284473f9430
Event: 2.024 Thread 0x000002844c8c15a0 Thread added: 0x000002844c8c15a0


Dynamic libraries:
0x00007ff6daac0000 - 0x00007ff6daaca000 	C:\Users\hp\.jdks\jbr-17.0.12\bin\java.exe
0x00007fff5a6d0000 - 0x00007fff5a8c8000 	C:\Windows\SYSTEM32\ntdll.dll
0x00007fff597f0000 - 0x00007fff598b2000 	C:\Windows\System32\KERNEL32.DLL
0x00007fff57d70000 - 0x00007fff5806f000 	C:\Windows\System32\KERNELBASE.dll
0x00007fff583f0000 - 0x00007fff584f0000 	C:\Windows\System32\ucrtbase.dll
0x00007fff512c0000 - 0x00007fff512db000 	C:\Users\hp\.jdks\jbr-17.0.12\bin\VCRUNTIME140.dll
0x00007fff51310000 - 0x00007fff51327000 	C:\Users\hp\.jdks\jbr-17.0.12\bin\jli.dll
0x00007fff586f0000 - 0x00007fff5888d000 	C:\Windows\System32\USER32.dll
0x00007fff58070000 - 0x00007fff58092000 	C:\Windows\System32\win32u.dll
0x00007fff45f80000 - 0x00007fff4621a000 	C:\Windows\WinSxS\amd64_microsoft.windows.common-controls_6595b64144ccf1df_6.0.19041.4355_none_60b8b9eb71f62e16\COMCTL32.dll
0x00007fff59760000 - 0x00007fff5978b000 	C:\Windows\System32\GDI32.dll
0x00007fff585d0000 - 0x00007fff586ea000 	C:\Windows\System32\gdi32full.dll
0x00007fff589a0000 - 0x00007fff58a3e000 	C:\Windows\System32\msvcrt.dll
0x00007fff58110000 - 0x00007fff581ad000 	C:\Windows\System32\msvcp_win.dll
0x00007fff5a4a0000 - 0x00007fff5a4cf000 	C:\Windows\System32\IMM32.DLL
0x00007fff513c0000 - 0x00007fff513cc000 	C:\Users\hp\.jdks\jbr-17.0.12\bin\vcruntime140_1.dll
0x00007fff428b0000 - 0x00007fff4293d000 	C:\Users\hp\.jdks\jbr-17.0.12\bin\msvcp140.dll
0x00007fff21ba0000 - 0x00007fff2282a000 	C:\Users\hp\.jdks\jbr-17.0.12\bin\server\jvm.dll
0x00007fff588f0000 - 0x00007fff5899f000 	C:\Windows\System32\ADVAPI32.dll
0x00007fff59c00000 - 0x00007fff59c9f000 	C:\Windows\System32\sechost.dll
0x00007fff59ad0000 - 0x00007fff59bf3000 	C:\Windows\System32\RPCRT4.dll
0x00007fff584f0000 - 0x00007fff58517000 	C:\Windows\System32\bcrypt.dll
0x00007fff5a600000 - 0x00007fff5a66b000 	C:\Windows\System32\WS2_32.dll
0x00007fff50cc0000 - 0x00007fff50cca000 	C:\Windows\SYSTEM32\VERSION.dll
0x00007fff57270000 - 0x00007fff572bb000 	C:\Windows\SYSTEM32\POWRPROF.dll
0x00007fff45d30000 - 0x00007fff45d57000 	C:\Windows\SYSTEM32\WINMM.dll
0x00007fff57130000 - 0x00007fff57142000 	C:\Windows\SYSTEM32\UMPDC.dll
0x00007fff56580000 - 0x00007fff56592000 	C:\Windows\SYSTEM32\kernel.appcore.dll
0x00007fff51340000 - 0x00007fff5134a000 	C:\Users\hp\.jdks\jbr-17.0.12\bin\jimage.dll
0x00007fff55a60000 - 0x00007fff55c44000 	C:\Windows\SYSTEM32\DBGHELP.DLL
0x00007fff43aa0000 - 0x00007fff43ad4000 	C:\Windows\SYSTEM32\dbgcore.DLL
0x00007fff58200000 - 0x00007fff58282000 	C:\Windows\System32\bcryptPrimitives.dll
0x00007fff47230000 - 0x00007fff4723e000 	C:\Users\hp\.jdks\jbr-17.0.12\bin\instrument.dll
0x00007fff454d0000 - 0x00007fff454f5000 	C:\Users\hp\.jdks\jbr-17.0.12\bin\java.dll
0x00007fff3a8c0000 - 0x00007fff3a997000 	C:\Users\hp\.jdks\jbr-17.0.12\bin\jsvml.dll
0x00007fff58e90000 - 0x00007fff595fd000 	C:\Windows\System32\SHELL32.dll
0x00007fff55d90000 - 0x00007fff56534000 	C:\Windows\SYSTEM32\windows.storage.dll
0x00007fff5a140000 - 0x00007fff5a495000 	C:\Windows\System32\combase.dll
0x00007fff576c0000 - 0x00007fff576ef000 	C:\Windows\SYSTEM32\Wldp.dll
0x00007fff58bf0000 - 0x00007fff58cbd000 	C:\Windows\System32\OLEAUT32.dll
0x00007fff58cc0000 - 0x00007fff58d6d000 	C:\Windows\System32\SHCORE.dll
0x00007fff59a70000 - 0x00007fff59ac5000 	C:\Windows\System32\shlwapi.dll
0x00007fff57ca0000 - 0x00007fff57cc4000 	C:\Windows\SYSTEM32\profapi.dll
0x00007fff51240000 - 0x00007fff51258000 	C:\Users\hp\.jdks\jbr-17.0.12\bin\zip.dll
0x00007fff50a60000 - 0x00007fff50a79000 	C:\Users\hp\.jdks\jbr-17.0.12\bin\net.dll
0x00007fff505f0000 - 0x00007fff506fa000 	C:\Windows\SYSTEM32\WINHTTP.dll
0x00007fff574a0000 - 0x00007fff5750c000 	C:\Windows\system32\mswsock.dll
0x00007fff43a20000 - 0x00007fff43a36000 	C:\Users\hp\.jdks\jbr-17.0.12\bin\nio.dll
0x00007fff3a7a0000 - 0x00007fff3a7ba000 	C:\Program Files\JetBrains\IntelliJ IDEA 2024.3.1.1\bin\breakgen64.dll
0x00007fff439f0000 - 0x00007fff439f9000 	C:\Users\hp\.jdks\jbr-17.0.12\bin\extnet.dll
0x00007fff31d90000 - 0x00007fff31db4000 	C:\Users\hp\AppData\Local\Temp\jansi-2.4.1-59460a1d8eb4059d-jansi.dll
0x00007fff51270000 - 0x00007fff51280000 	C:\Users\hp\.jdks\jbr-17.0.12\bin\verify.dll

dbghelp: loaded successfully - version: 4.0.5 - missing functions: none
symbol engine: initialized successfully - sym options: 0x614 - pdb path: .;C:\Users\hp\.jdks\jbr-17.0.12\bin;C:\Windows\SYSTEM32;C:\Windows\WinSxS\amd64_microsoft.windows.common-controls_6595b64144ccf1df_6.0.19041.4355_none_60b8b9eb71f62e16;C:\Users\hp\.jdks\jbr-17.0.12\bin\server;C:\Program Files\JetBrains\IntelliJ IDEA 2024.3.1.1\bin;C:\Users\hp\AppData\Local\Temp

VM Arguments:
jvm_args: -Dmaven.multiModuleProjectDirectory=D:\mmm\mmm\2024-2025 4SAE1\App web dist\MiniProjet\Partnership Management -Djansi.passthrough=true -Dmaven.home=C:\Users\hp\.m2\wrapper\dists\apache-maven-3.9.9-bin\4nf9hui3q3djbarqar9g711ggc\apache-maven-3.9.9 -Dclassworlds.conf=C:\Users\hp\.m2\wrapper\dists\apache-maven-3.9.9-bin\4nf9hui3q3djbarqar9g711ggc\apache-maven-3.9.9\bin\m2.conf -Dmaven.ext.class.path=C:\Program Files\JetBrains\IntelliJ IDEA 2024.3.1.1\plugins\maven\lib\maven-event-listener.jar -javaagent:C:\Program Files\JetBrains\IntelliJ IDEA 2024.3.1.1\lib\idea_rt.jar=55680:C:\Program Files\JetBrains\IntelliJ IDEA 2024.3.1.1\bin -Dfile.encoding=UTF-8 
java_command: org.codehaus.classworlds.Launcher -Didea.version=2024.3.1.1 -DskipTests=true install
java_class_path (initial): C:\Users\hp\.m2\wrapper\dists\apache-maven-3.9.9-bin\4nf9hui3q3djbarqar9g711ggc\apache-maven-3.9.9\boot\plexus-classworlds-2.8.0.jar;C:\Users\hp\.m2\wrapper\dists\apache-maven-3.9.9-bin\4nf9hui3q3djbarqar9g711ggc\apache-maven-3.9.9\boot\plexus-classworlds.license
Launcher Type: SUN_STANDARD

[Global flags]
     intx CICompilerCount                          = 3                                         {product} {ergonomic}
     uint ConcGCThreads                            = 1                                         {product} {ergonomic}
     uint G1ConcRefinementThreads                  = 4                                         {product} {ergonomic}
   size_t G1HeapRegionSize                         = 1048576                                   {product} {ergonomic}
    uintx GCDrainStackTargetSize                   = 64                                        {product} {ergonomic}
   size_t InitialHeapSize                          = 134217728                                 {product} {ergonomic}
   size_t MarkStackSize                            = 4194304                                   {product} {ergonomic}
   size_t MaxHeapSize                              = 2126512128                                {product} {ergonomic}
   size_t MaxNewSize                               = 1275068416                                {product} {ergonomic}
   size_t MinHeapDeltaBytes                        = 1048576                                   {product} {ergonomic}
   size_t MinHeapSize                              = 8388608                                   {product} {ergonomic}
    uintx NonNMethodCodeHeapSize                   = 5832780                                {pd product} {ergonomic}
    uintx NonProfiledCodeHeapSize                  = 122912730                              {pd product} {ergonomic}
    uintx ProfiledCodeHeapSize                     = 122912730                              {pd product} {ergonomic}
    uintx ReservedCodeCacheSize                    = 251658240                              {pd product} {ergonomic}
     bool SegmentedCodeCache                       = true                                      {product} {ergonomic}
   size_t SoftMaxHeapSize                          = 2126512128                             {manageable} {ergonomic}
     bool UseCompressedClassPointers               = true                           {product lp64_product} {ergonomic}
     bool UseCompressedOops                        = true                           {product lp64_product} {ergonomic}
     bool UseG1GC                                  = true                                      {product} {ergonomic}
     bool UseLargePagesIndividualAllocation        = false                                  {pd product} {ergonomic}

Logging:
Log output configuration:
 #0: stdout all=warning uptime,level,tags
 #1: stderr all=off uptime,level,tags

Environment Variables:
PATH=C:\Python313\Scripts\;C:\Python313\;C:\oraclexe\app\oracle\product\11.2.0\server\bin;;C:\Python312\Scripts\;C:\Python312\;C:\Program Files (x86)\VMware\VMware Workstation\bin\;C:\Program Files\Common Files\Oracle\Java\javapath;C:\Program Files (x86)\Common Files\Oracle\Java\java8path;C:\Program Files (x86)\Common Files\Oracle\Java\javapath;C:\Windows\system32;C:\Windows;C:\Windows\System32\Wbem;C:\Windows\System32\WindowsPowerShell\v1.0\;C:\Windows\System32\OpenSSH\;C:\Program Files\Microsoft SQL Server\120\Tools\Binn\;C:\Program Files\Common Files\Autodesk Shared\;C:\Program Files\Git\cmd;C:\Program Files\Microsoft SQL Server\150\Tools\Binn\;C:\Program Files\Microsoft SQL Server\Client SDK\ODBC\170\Tools\Binn\;C:\Program Files\dotnet\;C:\ProgramData\chocolatey\bin;C:\Program Files\Docker\Docker\resources\bin;C:\Program Files\nodejs\;C:\Users\hp\AppData\Local\Microsoft\WindowsApps;C:\Users\hp\AppData\Local\Programs\Microsoft VS Code\bin;C:\Users\hp\.dotnet\tools;C:\Program Files\MongoDB\Server\4.0\bin;C:\Users\hp\AppData\Roaming\npm
USERNAME=hp
OS=Windows_NT
PROCESSOR_IDENTIFIER=Intel64 Family 6 Model 142 Stepping 9, GenuineIntel
TMP=C:\Users\hp\AppData\Local\Temp
TEMP=C:\Users\hp\AppData\Local\Temp



Periodic native trim disabled

JNI global refs:
JNI global refs: 15, weak refs: 7

JNI global refs memory usage: 843, weak refs: 841

Process memory usage:
Resident Set Size: 164808K (1% of 8302416K total physical memory with 383708K free physical memory)

OOME stack traces (most recent first):
Classloader memory used:
Loader org.codehaus.plexus.classworlds.realm.ClassRealm                                : 1429K
Loader bootstrap                                                                       : 512K
Loader jdk.internal.loader.ClassLoaders$AppClassLoader                                 : 15022B
Loader org.eclipse.sisu.space.CloningClassSpace$CloningClassLoader                     : 4698B
Loader jdk.internal.reflect.DelegatingClassLoader                                      : 4000B
Loader jdk.internal.loader.ClassLoaders$PlatformClassLoader                            : 3395B


---------------  S Y S T E M  ---------------

OS:
 Windows 10 , 64 bit Build 19041 (10.0.19041.5438)
OS uptime: 0 days 12:21 hours
Hyper-V role detected

CPU: total 4 (initial active 4) (2 cores per cpu, 2 threads per core) family 6 model 142 stepping 9 microcode 0xb4, cx8, cmov, fxsr, ht, mmx, 3dnowpref, sse, sse2, sse3, ssse3, sse4.1, sse4.2, popcnt, lzcnt, tsc, tscinvbit, avx, avx2, aes, erms, clmul, bmi1, bmi2, adx, fma, vzeroupper, clflush, clflushopt, hv
Processor Information for all 4 processors :
  Max Mhz: 2901, Current Mhz: 2901, Mhz Limit: 2901

Memory: 4k page, system-wide physical 8107M (374M free)
TotalPageFile size 12107M (AvailPageFile size 1M)
current process WorkingSet (physical memory assigned to process): 161M, peak: 161M
current process commit charge ("private bytes"): 254M, peak: 256M

vm_info: OpenJDK 64-Bit Server VM (17.0.12+1-b1207.37) for windows-amd64 JRE (17.0.12+1-b1207.37), built on 2024-09-25 by "builduser" with MS VC++ 16.10 / 16.11 (VS2019)

END.
